[0.215s] DEBUG:colcon:Command line arguments: ['/usr/bin/colcon', 'build']
[0.215s] DEBUG:colcon:Parsed command line arguments: Namespace(log_base=None, log_level=None, verb_name='build', build_base='build', install_base='install', merge_install=False, symlink_install=False, test_result_base=None, continue_on_error=False, executor='parallel', parallel_workers=16, event_handlers=None, ignore_user_meta=False, metas=['./colcon.meta'], base_paths=['.'], packages_ignore=None, packages_ignore_regex=None, paths=None, packages_up_to=None, packages_up_to_regex=None, packages_above=None, packages_above_and_dependencies=None, packages_above_depth=None, packages_select_by_dep=None, packages_skip_by_dep=None, packages_skip_up_to=None, packages_select_build_failed=False, packages_skip_build_finished=False, packages_select_test_failures=False, packages_skip_test_passed=False, packages_select=None, packages_skip=None, packages_select_regex=None, packages_skip_regex=None, packages_start=None, packages_end=None, allow_overriding=[], cmake_args=None, cmake_target=None, cmake_target_skip_unavailable=False, cmake_clean_cache=False, cmake_clean_first=False, cmake_force_configure=False, ament_cmake_args=None, catkin_cmake_args=None, catkin_skip_building_tests=False, verb_parser=<colcon_defaults.argument_parser.defaults.DefaultArgumentsDecorator object at 0x7fd8ae2812a0>, verb_extension=<colcon_core.verb.build.BuildVerb object at 0x7fd8aea763e0>, main=<bound method BuildVerb.main of <colcon_core.verb.build.BuildVerb object at 0x7fd8aea763e0>>)
[0.235s] Level 1:colcon.colcon_core.package_discovery:discover_packages(colcon_meta) check parameters
[0.235s] Level 1:colcon.colcon_core.package_discovery:discover_packages(recursive) check parameters
[0.235s] Level 1:colcon.colcon_core.package_discovery:discover_packages(ignore) check parameters
[0.235s] Level 1:colcon.colcon_core.package_discovery:discover_packages(path) check parameters
[0.235s] Level 1:colcon.colcon_core.package_discovery:discover_packages(colcon_meta) discover
[0.235s] Level 1:colcon.colcon_core.package_discovery:discover_packages(recursive) discover
[0.235s] INFO:colcon.colcon_core.package_discovery:Crawling recursively for packages in '/home/tk/Desktop/humanoid-urdf'
[0.235s] Level 1:colcon.colcon_core.package_identification:_identify(.) by extensions ['ignore', 'ignore_ament_install']
[0.235s] Level 1:colcon.colcon_core.package_identification:_identify(.) by extension 'ignore'
[0.235s] Level 1:colcon.colcon_core.package_identification:_identify(.) by extension 'ignore_ament_install'
[0.235s] Level 1:colcon.colcon_core.package_identification:_identify(.) by extensions ['colcon_pkg']
[0.235s] Level 1:colcon.colcon_core.package_identification:_identify(.) by extension 'colcon_pkg'
[0.235s] Level 1:colcon.colcon_core.package_identification:_identify(.) by extensions ['colcon_meta']
[0.235s] Level 1:colcon.colcon_core.package_identification:_identify(.) by extension 'colcon_meta'
[0.235s] Level 1:colcon.colcon_core.package_identification:_identify(.) by extensions ['ros']
[0.235s] Level 1:colcon.colcon_core.package_identification:_identify(.) by extension 'ros'
[0.243s] Level 1:colcon.colcon_core.package_identification:_identify(.) by extensions ['cmake', 'python']
[0.243s] Level 1:colcon.colcon_core.package_identification:_identify(.) by extension 'cmake'
[0.243s] Level 1:colcon.colcon_core.package_identification:_identify(.) by extension 'python'
[0.243s] Level 1:colcon.colcon_core.package_identification:_identify(.) by extensions ['python_setup_py']
[0.243s] Level 1:colcon.colcon_core.package_identification:_identify(.) by extension 'python_setup_py'
[0.243s] Level 1:colcon.colcon_core.package_identification:_identify(build) by extensions ['ignore', 'ignore_ament_install']
[0.243s] Level 1:colcon.colcon_core.package_identification:_identify(build) by extension 'ignore'
[0.243s] Level 1:colcon.colcon_core.package_identification:_identify(build) ignored
[0.244s] Level 1:colcon.colcon_core.package_identification:_identify(install) by extensions ['ignore', 'ignore_ament_install']
[0.244s] Level 1:colcon.colcon_core.package_identification:_identify(install) by extension 'ignore'
[0.244s] Level 1:colcon.colcon_core.package_identification:_identify(install) ignored
[0.244s] Level 1:colcon.colcon_core.package_identification:_identify(log) by extensions ['ignore', 'ignore_ament_install']
[0.244s] Level 1:colcon.colcon_core.package_identification:_identify(log) by extension 'ignore'
[0.244s] Level 1:colcon.colcon_core.package_identification:_identify(log) ignored
[0.244s] Level 1:colcon.colcon_core.package_identification:_identify(onshape) by extensions ['ignore', 'ignore_ament_install']
[0.244s] Level 1:colcon.colcon_core.package_identification:_identify(onshape) by extension 'ignore'
[0.244s] Level 1:colcon.colcon_core.package_identification:_identify(onshape) by extension 'ignore_ament_install'
[0.244s] Level 1:colcon.colcon_core.package_identification:_identify(onshape) by extensions ['colcon_pkg']
[0.244s] Level 1:colcon.colcon_core.package_identification:_identify(onshape) by extension 'colcon_pkg'
[0.244s] Level 1:colcon.colcon_core.package_identification:_identify(onshape) by extensions ['colcon_meta']
[0.244s] Level 1:colcon.colcon_core.package_identification:_identify(onshape) by extension 'colcon_meta'
[0.244s] Level 1:colcon.colcon_core.package_identification:_identify(onshape) by extensions ['ros']
[0.244s] Level 1:colcon.colcon_core.package_identification:_identify(onshape) by extension 'ros'
[0.244s] Level 1:colcon.colcon_core.package_identification:_identify(onshape) by extensions ['cmake', 'python']
[0.244s] Level 1:colcon.colcon_core.package_identification:_identify(onshape) by extension 'cmake'
[0.244s] Level 1:colcon.colcon_core.package_identification:_identify(onshape) by extension 'python'
[0.244s] Level 1:colcon.colcon_core.package_identification:_identify(onshape) by extensions ['python_setup_py']
[0.244s] Level 1:colcon.colcon_core.package_identification:_identify(onshape) by extension 'python_setup_py'
[0.245s] Level 1:colcon.colcon_core.package_identification:_identify(onshape/humanoid_v1) by extensions ['ignore', 'ignore_ament_install']
[0.245s] Level 1:colcon.colcon_core.package_identification:_identify(onshape/humanoid_v1) by extension 'ignore'
[0.245s] Level 1:colcon.colcon_core.package_identification:_identify(onshape/humanoid_v1) by extension 'ignore_ament_install'
[0.245s] Level 1:colcon.colcon_core.package_identification:_identify(onshape/humanoid_v1) by extensions ['colcon_pkg']
[0.245s] Level 1:colcon.colcon_core.package_identification:_identify(onshape/humanoid_v1) by extension 'colcon_pkg'
[0.245s] Level 1:colcon.colcon_core.package_identification:_identify(onshape/humanoid_v1) by extensions ['colcon_meta']
[0.245s] Level 1:colcon.colcon_core.package_identification:_identify(onshape/humanoid_v1) by extension 'colcon_meta'
[0.245s] Level 1:colcon.colcon_core.package_identification:_identify(onshape/humanoid_v1) by extensions ['ros']
[0.245s] Level 1:colcon.colcon_core.package_identification:_identify(onshape/humanoid_v1) by extension 'ros'
[0.245s] Level 1:colcon.colcon_core.package_identification:_identify(onshape/humanoid_v1) by extensions ['cmake', 'python']
[0.245s] Level 1:colcon.colcon_core.package_identification:_identify(onshape/humanoid_v1) by extension 'cmake'
[0.245s] Level 1:colcon.colcon_core.package_identification:_identify(onshape/humanoid_v1) by extension 'python'
[0.245s] Level 1:colcon.colcon_core.package_identification:_identify(onshape/humanoid_v1) by extensions ['python_setup_py']
[0.245s] Level 1:colcon.colcon_core.package_identification:_identify(onshape/humanoid_v1) by extension 'python_setup_py'
[0.245s] Level 1:colcon.colcon_core.package_identification:_identify(scripts) by extensions ['ignore', 'ignore_ament_install']
[0.245s] Level 1:colcon.colcon_core.package_identification:_identify(scripts) by extension 'ignore'
[0.245s] Level 1:colcon.colcon_core.package_identification:_identify(scripts) by extension 'ignore_ament_install'
[0.245s] Level 1:colcon.colcon_core.package_identification:_identify(scripts) by extensions ['colcon_pkg']
[0.245s] Level 1:colcon.colcon_core.package_identification:_identify(scripts) by extension 'colcon_pkg'
[0.245s] Level 1:colcon.colcon_core.package_identification:_identify(scripts) by extensions ['colcon_meta']
[0.245s] Level 1:colcon.colcon_core.package_identification:_identify(scripts) by extension 'colcon_meta'
[0.245s] Level 1:colcon.colcon_core.package_identification:_identify(scripts) by extensions ['ros']
[0.245s] Level 1:colcon.colcon_core.package_identification:_identify(scripts) by extension 'ros'
[0.245s] Level 1:colcon.colcon_core.package_identification:_identify(scripts) by extensions ['cmake', 'python']
[0.246s] Level 1:colcon.colcon_core.package_identification:_identify(scripts) by extension 'cmake'
[0.246s] Level 1:colcon.colcon_core.package_identification:_identify(scripts) by extension 'python'
[0.246s] Level 1:colcon.colcon_core.package_identification:_identify(scripts) by extensions ['python_setup_py']
[0.246s] Level 1:colcon.colcon_core.package_identification:_identify(scripts) by extension 'python_setup_py'
[0.246s] Level 1:colcon.colcon_core.package_identification:_identify(src) by extensions ['ignore', 'ignore_ament_install']
[0.246s] Level 1:colcon.colcon_core.package_identification:_identify(src) by extension 'ignore'
[0.246s] Level 1:colcon.colcon_core.package_identification:_identify(src) by extension 'ignore_ament_install'
[0.246s] Level 1:colcon.colcon_core.package_identification:_identify(src) by extensions ['colcon_pkg']
[0.246s] Level 1:colcon.colcon_core.package_identification:_identify(src) by extension 'colcon_pkg'
[0.246s] Level 1:colcon.colcon_core.package_identification:_identify(src) by extensions ['colcon_meta']
[0.246s] Level 1:colcon.colcon_core.package_identification:_identify(src) by extension 'colcon_meta'
[0.246s] Level 1:colcon.colcon_core.package_identification:_identify(src) by extensions ['ros']
[0.246s] Level 1:colcon.colcon_core.package_identification:_identify(src) by extension 'ros'
[0.246s] Level 1:colcon.colcon_core.package_identification:_identify(src) by extensions ['cmake', 'python']
[0.246s] Level 1:colcon.colcon_core.package_identification:_identify(src) by extension 'cmake'
[0.246s] Level 1:colcon.colcon_core.package_identification:_identify(src) by extension 'python'
[0.246s] Level 1:colcon.colcon_core.package_identification:_identify(src) by extensions ['python_setup_py']
[0.246s] Level 1:colcon.colcon_core.package_identification:_identify(src) by extension 'python_setup_py'
[0.246s] Level 1:colcon.colcon_core.package_identification:_identify(src/humanoid_v1) by extensions ['ignore', 'ignore_ament_install']
[0.246s] Level 1:colcon.colcon_core.package_identification:_identify(src/humanoid_v1) by extension 'ignore'
[0.246s] Level 1:colcon.colcon_core.package_identification:_identify(src/humanoid_v1) by extension 'ignore_ament_install'
[0.246s] Level 1:colcon.colcon_core.package_identification:_identify(src/humanoid_v1) by extensions ['colcon_pkg']
[0.246s] Level 1:colcon.colcon_core.package_identification:_identify(src/humanoid_v1) by extension 'colcon_pkg'
[0.246s] Level 1:colcon.colcon_core.package_identification:_identify(src/humanoid_v1) by extensions ['colcon_meta']
[0.246s] Level 1:colcon.colcon_core.package_identification:_identify(src/humanoid_v1) by extension 'colcon_meta'
[0.247s] Level 1:colcon.colcon_core.package_identification:_identify(src/humanoid_v1) by extensions ['ros']
[0.247s] Level 1:colcon.colcon_core.package_identification:_identify(src/humanoid_v1) by extension 'ros'
[0.248s] DEBUG:colcon.colcon_core.package_identification:Package 'src/humanoid_v1' with type 'ros.ament_cmake' and name 'humanoid_v1'
[0.248s] Level 1:colcon.colcon_core.package_discovery:discover_packages(recursive) using defaults
[0.248s] Level 1:colcon.colcon_core.package_discovery:discover_packages(ignore) discover
[0.248s] Level 1:colcon.colcon_core.package_discovery:discover_packages(ignore) using defaults
[0.248s] Level 1:colcon.colcon_core.package_discovery:discover_packages(path) discover
[0.248s] Level 1:colcon.colcon_core.package_discovery:discover_packages(path) using defaults
[0.264s] Level 1:colcon.colcon_core.package_discovery:discover_packages(prefix_path) check parameters
[0.264s] Level 1:colcon.colcon_core.package_discovery:discover_packages(prefix_path) discover
[0.265s] WARNING:colcon.colcon_core.prefix_path.colcon:The path '/home/tk/Desktop/humanoid-urdf/src/humanoid_v1/install' in the environment variable COLCON_PREFIX_PATH doesn't exist
[0.265s] WARNING:colcon.colcon_core.prefix_path.colcon:The path '/home/tk/Desktop/humanoid-urdf/humanoid_v1/install' in the environment variable COLCON_PREFIX_PATH doesn't exist
[0.265s] WARNING:colcon.colcon_ros.prefix_path.ament:The path '/home/tk/Desktop/humanoid-urdf/install/humanoid_v1' in the environment variable AMENT_PREFIX_PATH doesn't exist
[0.265s] WARNING:colcon.colcon_ros.prefix_path.ament:The path '/home/tk/Desktop/humanoid-urdf/src/humanoid_v1/install/humanoid_v1' in the environment variable AMENT_PREFIX_PATH doesn't exist
[0.265s] WARNING:colcon.colcon_ros.prefix_path.ament:The path '/home/tk/Desktop/humanoid-urdf/humanoid_v1/install/humanoid_v1' in the environment variable AMENT_PREFIX_PATH doesn't exist
[0.265s] WARNING:colcon.colcon_ros.prefix_path.catkin:The path '/home/tk/Desktop/humanoid-urdf/install/humanoid_v1' in the environment variable CMAKE_PREFIX_PATH doesn't exist
[0.265s] WARNING:colcon.colcon_ros.prefix_path.catkin:The path '/home/tk/Desktop/humanoid-urdf/src/humanoid_v1/install/humanoid_v1' in the environment variable CMAKE_PREFIX_PATH doesn't exist
[0.265s] WARNING:colcon.colcon_ros.prefix_path.catkin:The path '/home/tk/Desktop/humanoid-urdf/humanoid_v1/install/humanoid_v1' in the environment variable CMAKE_PREFIX_PATH doesn't exist
[0.266s] DEBUG:colcon.colcon_installed_package_information.package_discovery:Found 0 installed packages in /home/tk/Desktop/humanoid-urdf/install
[0.267s] DEBUG:colcon.colcon_installed_package_information.package_discovery:Found 280 installed packages in /opt/ros/humble
[0.268s] Level 1:colcon.colcon_core.package_discovery:discover_packages(prefix_path) using defaults
[0.328s] Level 5:colcon.colcon_core.verb:set package 'humanoid_v1' build argument 'cmake_args' from command line to 'None'
[0.328s] Level 5:colcon.colcon_core.verb:set package 'humanoid_v1' build argument 'cmake_target' from command line to 'None'
[0.328s] Level 5:colcon.colcon_core.verb:set package 'humanoid_v1' build argument 'cmake_target_skip_unavailable' from command line to 'False'
[0.328s] Level 5:colcon.colcon_core.verb:set package 'humanoid_v1' build argument 'cmake_clean_cache' from command line to 'False'
[0.328s] Level 5:colcon.colcon_core.verb:set package 'humanoid_v1' build argument 'cmake_clean_first' from command line to 'False'
[0.328s] Level 5:colcon.colcon_core.verb:set package 'humanoid_v1' build argument 'cmake_force_configure' from command line to 'False'
[0.328s] Level 5:colcon.colcon_core.verb:set package 'humanoid_v1' build argument 'ament_cmake_args' from command line to 'None'
[0.328s] Level 5:colcon.colcon_core.verb:set package 'humanoid_v1' build argument 'catkin_cmake_args' from command line to 'None'
[0.328s] Level 5:colcon.colcon_core.verb:set package 'humanoid_v1' build argument 'catkin_skip_building_tests' from command line to 'False'
[0.328s] DEBUG:colcon.colcon_core.verb:Building package 'humanoid_v1' with the following arguments: {'ament_cmake_args': None, 'build_base': '/home/tk/Desktop/humanoid-urdf/build/humanoid_v1', 'catkin_cmake_args': None, 'catkin_skip_building_tests': False, 'cmake_args': None, 'cmake_clean_cache': False, 'cmake_clean_first': False, 'cmake_force_configure': False, 'cmake_target': None, 'cmake_target_skip_unavailable': False, 'install_base': '/home/tk/Desktop/humanoid-urdf/install/humanoid_v1', 'merge_install': False, 'path': '/home/tk/Desktop/humanoid-urdf/src/humanoid_v1', 'symlink_install': False, 'test_result_base': None}
[0.329s] INFO:colcon.colcon_core.executor:Executing jobs using 'parallel' executor
[0.331s] DEBUG:colcon.colcon_parallel_executor.executor.parallel:run_until_complete
[0.331s] INFO:colcon.colcon_ros.task.ament_cmake.build:Building ROS package in '/home/tk/Desktop/humanoid-urdf/src/humanoid_v1' with build type 'ament_cmake'
[0.331s] INFO:colcon.colcon_cmake.task.cmake.build:Building CMake package in '/home/tk/Desktop/humanoid-urdf/src/humanoid_v1'
[0.335s] INFO:colcon.colcon_core.plugin_system:Skipping extension 'colcon_core.shell.bat': Not used on non-Windows systems
[0.336s] INFO:colcon.colcon_core.shell:Skip shell extension 'powershell' for command environment: Not usable outside of PowerShell
[0.336s] DEBUG:colcon.colcon_core.shell:Skip shell extension 'dsv' for command environment
[0.345s] DEBUG:colcon.colcon_core.event_handler.log_command:Invoking command in '/home/tk/Desktop/humanoid-urdf/build/humanoid_v1': CMAKE_PREFIX_PATH=${CMAKE_PREFIX_PATH}:/opt/ros/humble CONDA_PROMPT_MODIFIER=(base) /usr/bin/cmake --build /home/tk/Desktop/humanoid-urdf/build/humanoid_v1 -- -j16 -l16
[0.367s] DEBUG:colcon.colcon_core.event_handler.log_command:Invoked command in '/home/tk/Desktop/humanoid-urdf/build/humanoid_v1' returned '0': CMAKE_PREFIX_PATH=${CMAKE_PREFIX_PATH}:/opt/ros/humble CONDA_PROMPT_MODIFIER=(base) /usr/bin/cmake --build /home/tk/Desktop/humanoid-urdf/build/humanoid_v1 -- -j16 -l16
[0.389s] DEBUG:colcon.colcon_core.event_handler.log_command:Invoking command in '/home/tk/Desktop/humanoid-urdf/build/humanoid_v1': CMAKE_PREFIX_PATH=${CMAKE_PREFIX_PATH}:/opt/ros/humble CONDA_PROMPT_MODIFIER=(base) /usr/bin/cmake --install /home/tk/Desktop/humanoid-urdf/build/humanoid_v1
[0.600s] Level 1:colcon.colcon_core.environment:create_environment_scripts_only(humanoid_v1)
[0.601s] DEBUG:colcon.colcon_core.event_handler.log_command:Invoked command in '/home/tk/Desktop/humanoid-urdf/build/humanoid_v1' returned '0': CMAKE_PREFIX_PATH=${CMAKE_PREFIX_PATH}:/opt/ros/humble CONDA_PROMPT_MODIFIER=(base) /usr/bin/cmake --install /home/tk/Desktop/humanoid-urdf/build/humanoid_v1
[0.603s] Level 1:colcon.colcon_core.environment:checking '/home/tk/Desktop/humanoid-urdf/install/humanoid_v1' for CMake module files
[0.604s] Level 1:colcon.colcon_core.environment:checking '/home/tk/Desktop/humanoid-urdf/install/humanoid_v1' for CMake config files
[0.604s] Level 1:colcon.colcon_core.shell:create_environment_hook('humanoid_v1', 'cmake_prefix_path')
[0.605s] INFO:colcon.colcon_core.shell:Creating environment hook '/home/tk/Desktop/humanoid-urdf/install/humanoid_v1/share/humanoid_v1/hook/cmake_prefix_path.ps1'
[0.605s] INFO:colcon.colcon_core.shell:Creating environment descriptor '/home/tk/Desktop/humanoid-urdf/install/humanoid_v1/share/humanoid_v1/hook/cmake_prefix_path.dsv'
[0.605s] INFO:colcon.colcon_core.shell:Creating environment hook '/home/tk/Desktop/humanoid-urdf/install/humanoid_v1/share/humanoid_v1/hook/cmake_prefix_path.sh'
[0.606s] Level 1:colcon.colcon_core.environment:checking '/home/tk/Desktop/humanoid-urdf/install/humanoid_v1/bin'
[0.606s] Level 1:colcon.colcon_core.environment:checking '/home/tk/Desktop/humanoid-urdf/install/humanoid_v1/lib/pkgconfig/humanoid_v1.pc'
[0.606s] Level 1:colcon.colcon_core.environment:checking '/home/tk/Desktop/humanoid-urdf/install/humanoid_v1/lib/python3.10/site-packages'
[0.606s] Level 1:colcon.colcon_core.environment:checking '/home/tk/Desktop/humanoid-urdf/install/humanoid_v1/bin'
[0.607s] INFO:colcon.colcon_core.shell:Creating package script '/home/tk/Desktop/humanoid-urdf/install/humanoid_v1/share/humanoid_v1/package.ps1'
[0.608s] INFO:colcon.colcon_core.shell:Creating package descriptor '/home/tk/Desktop/humanoid-urdf/install/humanoid_v1/share/humanoid_v1/package.dsv'
[0.608s] INFO:colcon.colcon_core.shell:Creating package script '/home/tk/Desktop/humanoid-urdf/install/humanoid_v1/share/humanoid_v1/package.sh'
[0.608s] INFO:colcon.colcon_core.shell:Creating package script '/home/tk/Desktop/humanoid-urdf/install/humanoid_v1/share/humanoid_v1/package.bash'
[0.609s] INFO:colcon.colcon_core.shell:Creating package script '/home/tk/Desktop/humanoid-urdf/install/humanoid_v1/share/humanoid_v1/package.zsh'
[0.609s] Level 1:colcon.colcon_core.environment:create_file_with_runtime_dependencies(/home/tk/Desktop/humanoid-urdf/install/humanoid_v1/share/colcon-core/packages/humanoid_v1)
[0.622s] Level 1:colcon.colcon_core.environment:create_environment_scripts_only(humanoid_v1)
[0.623s] Level 1:colcon.colcon_core.environment:checking '/home/tk/Desktop/humanoid-urdf/install/humanoid_v1' for CMake module files
[0.624s] Level 1:colcon.colcon_core.environment:checking '/home/tk/Desktop/humanoid-urdf/install/humanoid_v1' for CMake config files
[0.624s] Level 1:colcon.colcon_core.shell:create_environment_hook('humanoid_v1', 'cmake_prefix_path')
[0.625s] INFO:colcon.colcon_core.shell:Creating environment hook '/home/tk/Desktop/humanoid-urdf/install/humanoid_v1/share/humanoid_v1/hook/cmake_prefix_path.ps1'
[0.625s] INFO:colcon.colcon_core.shell:Creating environment descriptor '/home/tk/Desktop/humanoid-urdf/install/humanoid_v1/share/humanoid_v1/hook/cmake_prefix_path.dsv'
[0.625s] INFO:colcon.colcon_core.shell:Creating environment hook '/home/tk/Desktop/humanoid-urdf/install/humanoid_v1/share/humanoid_v1/hook/cmake_prefix_path.sh'
[0.626s] Level 1:colcon.colcon_core.environment:checking '/home/tk/Desktop/humanoid-urdf/install/humanoid_v1/bin'
[0.626s] Level 1:colcon.colcon_core.environment:checking '/home/tk/Desktop/humanoid-urdf/install/humanoid_v1/lib/pkgconfig/humanoid_v1.pc'
[0.626s] Level 1:colcon.colcon_core.environment:checking '/home/tk/Desktop/humanoid-urdf/install/humanoid_v1/lib/python3.10/site-packages'
[0.626s] Level 1:colcon.colcon_core.environment:checking '/home/tk/Desktop/humanoid-urdf/install/humanoid_v1/bin'
[0.627s] INFO:colcon.colcon_core.shell:Creating package script '/home/tk/Desktop/humanoid-urdf/install/humanoid_v1/share/humanoid_v1/package.ps1'
[0.627s] INFO:colcon.colcon_core.shell:Creating package descriptor '/home/tk/Desktop/humanoid-urdf/install/humanoid_v1/share/humanoid_v1/package.dsv'
[0.628s] INFO:colcon.colcon_core.shell:Creating package script '/home/tk/Desktop/humanoid-urdf/install/humanoid_v1/share/humanoid_v1/package.sh'
[0.628s] INFO:colcon.colcon_core.shell:Creating package script '/home/tk/Desktop/humanoid-urdf/install/humanoid_v1/share/humanoid_v1/package.bash'
[0.628s] INFO:colcon.colcon_core.shell:Creating package script '/home/tk/Desktop/humanoid-urdf/install/humanoid_v1/share/humanoid_v1/package.zsh'
[0.628s] Level 1:colcon.colcon_core.environment:create_file_with_runtime_dependencies(/home/tk/Desktop/humanoid-urdf/install/humanoid_v1/share/colcon-core/packages/humanoid_v1)
[0.629s] DEBUG:colcon.colcon_parallel_executor.executor.parallel:closing loop
[0.629s] DEBUG:colcon.colcon_parallel_executor.executor.parallel:loop closed
[0.629s] DEBUG:colcon.colcon_parallel_executor.executor.parallel:run_until_complete finished with '0'
[0.629s] DEBUG:colcon.colcon_core.event_reactor:joining thread
[0.633s] INFO:colcon.colcon_core.plugin_system:Skipping extension 'colcon_notification.desktop_notification.terminal_notifier': Not used on non-Darwin systems
[0.633s] INFO:colcon.colcon_core.plugin_system:Skipping extension 'colcon_notification.desktop_notification.win32': Not used on non-Windows systems
[0.633s] INFO:colcon.colcon_notification.desktop_notification:Sending desktop notification using 'notify2'
[0.647s] DEBUG:colcon.colcon_core.event_reactor:joined thread
[0.648s] INFO:colcon.colcon_core.shell:Creating prefix script '/home/tk/Desktop/humanoid-urdf/install/local_setup.ps1'
[0.649s] INFO:colcon.colcon_core.shell:Creating prefix util module '/home/tk/Desktop/humanoid-urdf/install/_local_setup_util_ps1.py'
[0.650s] INFO:colcon.colcon_core.shell:Creating prefix chain script '/home/tk/Desktop/humanoid-urdf/install/setup.ps1'
[0.651s] INFO:colcon.colcon_core.shell:Creating prefix script '/home/tk/Desktop/humanoid-urdf/install/local_setup.sh'
[0.652s] INFO:colcon.colcon_core.shell:Creating prefix util module '/home/tk/Desktop/humanoid-urdf/install/_local_setup_util_sh.py'
[0.652s] INFO:colcon.colcon_core.shell:Creating prefix chain script '/home/tk/Desktop/humanoid-urdf/install/setup.sh'
[0.654s] INFO:colcon.colcon_core.shell:Creating prefix script '/home/tk/Desktop/humanoid-urdf/install/local_setup.bash'
[0.655s] INFO:colcon.colcon_core.shell:Creating prefix chain script '/home/tk/Desktop/humanoid-urdf/install/setup.bash'
[0.656s] INFO:colcon.colcon_core.shell:Creating prefix script '/home/tk/Desktop/humanoid-urdf/install/local_setup.zsh'
[0.656s] INFO:colcon.colcon_core.shell:Creating prefix chain script '/home/tk/Desktop/humanoid-urdf/install/setup.zsh'
