-- Install configuration: ""
-- Up-to-date: /home/tk/Desktop/humanoid-urdf/install/humanoid_v1/share/humanoid_v1/config
-- Up-to-date: /home/tk/Desktop/humanoid-urdf/install/humanoid_v1/share/humanoid_v1/launch
-- Up-to-date: /home/tk/Desktop/humanoid-urdf/install/humanoid_v1/share/humanoid_v1/launch/humanoid_v1.launch.py
-- Up-to-date: /home/tk/Desktop/humanoid-urdf/install/humanoid_v1/share/humanoid_v1/maps
-- Up-to-date: /home/tk/Desktop/humanoid-urdf/install/humanoid_v1/share/humanoid_v1/meshes
-- Up-to-date: /home/tk/Desktop/humanoid-urdf/install/humanoid_v1/share/humanoid_v1/models
-- Up-to-date: /home/tk/Desktop/humanoid-urdf/install/humanoid_v1/share/humanoid_v1/params
-- Up-to-date: /home/tk/Desktop/humanoid-urdf/install/humanoid_v1/share/humanoid_v1/rviz
-- Up-to-date: /home/tk/Desktop/humanoid-urdf/install/humanoid_v1/share/humanoid_v1/rviz/rviz_basic_settings.rviz
-- Up-to-date: /home/tk/Desktop/humanoid-urdf/install/humanoid_v1/share/humanoid_v1/src
-- Up-to-date: /home/tk/Desktop/humanoid-urdf/install/humanoid_v1/share/humanoid_v1/urdf
-- Up-to-date: /home/tk/Desktop/humanoid-urdf/install/humanoid_v1/share/humanoid_v1/urdf/robot.urdf.xacro
-- Up-to-date: /home/tk/Desktop/humanoid-urdf/install/humanoid_v1/share/humanoid_v1/worlds
-- Up-to-date: /home/tk/Desktop/humanoid-urdf/install/humanoid_v1/share/ament_index/resource_index/package_run_dependencies/humanoid_v1
-- Up-to-date: /home/tk/Desktop/humanoid-urdf/install/humanoid_v1/share/ament_index/resource_index/parent_prefix_path/humanoid_v1
-- Up-to-date: /home/tk/Desktop/humanoid-urdf/install/humanoid_v1/share/humanoid_v1/environment/ament_prefix_path.sh
-- Up-to-date: /home/tk/Desktop/humanoid-urdf/install/humanoid_v1/share/humanoid_v1/environment/ament_prefix_path.dsv
-- Up-to-date: /home/tk/Desktop/humanoid-urdf/install/humanoid_v1/share/humanoid_v1/environment/path.sh
-- Up-to-date: /home/tk/Desktop/humanoid-urdf/install/humanoid_v1/share/humanoid_v1/environment/path.dsv
-- Up-to-date: /home/tk/Desktop/humanoid-urdf/install/humanoid_v1/share/humanoid_v1/local_setup.bash
-- Up-to-date: /home/tk/Desktop/humanoid-urdf/install/humanoid_v1/share/humanoid_v1/local_setup.sh
-- Up-to-date: /home/tk/Desktop/humanoid-urdf/install/humanoid_v1/share/humanoid_v1/local_setup.zsh
-- Up-to-date: /home/tk/Desktop/humanoid-urdf/install/humanoid_v1/share/humanoid_v1/local_setup.dsv
-- Up-to-date: /home/tk/Desktop/humanoid-urdf/install/humanoid_v1/share/humanoid_v1/package.dsv
-- Up-to-date: /home/tk/Desktop/humanoid-urdf/install/humanoid_v1/share/ament_index/resource_index/packages/humanoid_v1
-- Up-to-date: /home/tk/Desktop/humanoid-urdf/install/humanoid_v1/share/humanoid_v1/cmake/humanoid_v1Config.cmake
-- Up-to-date: /home/tk/Desktop/humanoid-urdf/install/humanoid_v1/share/humanoid_v1/cmake/humanoid_v1Config-version.cmake
-- Up-to-date: /home/tk/Desktop/humanoid-urdf/install/humanoid_v1/share/humanoid_v1/package.xml
