[0.014s] Invoking command in '/home/tk/Desktop/humanoid-urdf/build/humanoid_v1': CMAKE_PREFIX_PATH=${CMAKE_PREFIX_PATH}:/opt/ros/humble CONDA_PROMPT_MODIFIER=(base) /usr/bin/cmake --build /home/tk/Desktop/humanoid-urdf/build/humanoid_v1 -- -j16 -l16
[0.053s] Invoked command in '/home/tk/Desktop/humanoid-urdf/build/humanoid_v1' returned '0': CMAKE_PREFIX_PATH=${CMAKE_PREFIX_PATH}:/opt/ros/humble CONDA_PROMPT_MODIFIER=(base) /usr/bin/cmake --build /home/tk/Desktop/humanoid-urdf/build/humanoid_v1 -- -j16 -l16
[0.078s] Invoking command in '/home/tk/Desktop/humanoid-urdf/build/humanoid_v1': CMAKE_PREFIX_PATH=${CMAKE_PREFIX_PATH}:/opt/ros/humble CONDA_PROMPT_MODIFIER=(base) /usr/bin/cmake --install /home/tk/Desktop/humanoid-urdf/build/humanoid_v1
[0.083s] -- Install configuration: ""
[0.084s] -- Up-to-date: /home/tk/Desktop/humanoid-urdf/install/humanoid_v1/share/humanoid_v1/config
[0.084s] -- Up-to-date: /home/tk/Desktop/humanoid-urdf/install/humanoid_v1/share/humanoid_v1/launch
[0.084s] -- Up-to-date: /home/tk/Desktop/humanoid-urdf/install/humanoid_v1/share/humanoid_v1/launch/humanoid_v1.launch.py
[0.084s] -- Up-to-date: /home/tk/Desktop/humanoid-urdf/install/humanoid_v1/share/humanoid_v1/maps
[0.084s] -- Up-to-date: /home/tk/Desktop/humanoid-urdf/install/humanoid_v1/share/humanoid_v1/meshes
[0.084s] -- Up-to-date: /home/tk/Desktop/humanoid-urdf/install/humanoid_v1/share/humanoid_v1/models
[0.084s] -- Up-to-date: /home/tk/Desktop/humanoid-urdf/install/humanoid_v1/share/humanoid_v1/params
[0.085s] -- Up-to-date: /home/tk/Desktop/humanoid-urdf/install/humanoid_v1/share/humanoid_v1/rviz
[0.085s] -- Installing: /home/tk/Desktop/humanoid-urdf/install/humanoid_v1/share/humanoid_v1/rviz/rviz_basic_settings.rviz
[0.085s] -- Up-to-date: /home/tk/Desktop/humanoid-urdf/install/humanoid_v1/share/humanoid_v1/src
[0.085s] -- Up-to-date: /home/tk/Desktop/humanoid-urdf/install/humanoid_v1/share/humanoid_v1/urdf
[0.086s] -- Up-to-date: /home/tk/Desktop/humanoid-urdf/install/humanoid_v1/share/humanoid_v1/urdf/robot.urdf.xacro
[0.086s] -- Up-to-date: /home/tk/Desktop/humanoid-urdf/install/humanoid_v1/share/humanoid_v1/worlds
[0.086s] -- Up-to-date: /home/tk/Desktop/humanoid-urdf/install/humanoid_v1/share/ament_index/resource_index/package_run_dependencies/humanoid_v1
[0.086s] -- Up-to-date: /home/tk/Desktop/humanoid-urdf/install/humanoid_v1/share/ament_index/resource_index/parent_prefix_path/humanoid_v1
[0.086s] -- Up-to-date: /home/tk/Desktop/humanoid-urdf/install/humanoid_v1/share/humanoid_v1/environment/ament_prefix_path.sh
[0.086s] -- Up-to-date: /home/tk/Desktop/humanoid-urdf/install/humanoid_v1/share/humanoid_v1/environment/ament_prefix_path.dsv
[0.086s] -- Up-to-date: /home/tk/Desktop/humanoid-urdf/install/humanoid_v1/share/humanoid_v1/environment/path.sh
[0.086s] -- Up-to-date: /home/tk/Desktop/humanoid-urdf/install/humanoid_v1/share/humanoid_v1/environment/path.dsv
[0.087s] -- Up-to-date: /home/tk/Desktop/humanoid-urdf/install/humanoid_v1/share/humanoid_v1/local_setup.bash
[0.087s] -- Up-to-date: /home/tk/Desktop/humanoid-urdf/install/humanoid_v1/share/humanoid_v1/local_setup.sh
[0.087s] -- Up-to-date: /home/tk/Desktop/humanoid-urdf/install/humanoid_v1/share/humanoid_v1/local_setup.zsh
[0.087s] -- Up-to-date: /home/tk/Desktop/humanoid-urdf/install/humanoid_v1/share/humanoid_v1/local_setup.dsv
[0.087s] -- Installing: /home/tk/Desktop/humanoid-urdf/install/humanoid_v1/share/humanoid_v1/package.dsv
[0.087s] -- Up-to-date: /home/tk/Desktop/humanoid-urdf/install/humanoid_v1/share/ament_index/resource_index/packages/humanoid_v1
[0.087s] -- Up-to-date: /home/tk/Desktop/humanoid-urdf/install/humanoid_v1/share/humanoid_v1/cmake/humanoid_v1Config.cmake
[0.087s] -- Up-to-date: /home/tk/Desktop/humanoid-urdf/install/humanoid_v1/share/humanoid_v1/cmake/humanoid_v1Config-version.cmake
[0.087s] -- Up-to-date: /home/tk/Desktop/humanoid-urdf/install/humanoid_v1/share/humanoid_v1/package.xml
[0.088s] Invoked command in '/home/tk/Desktop/humanoid-urdf/build/humanoid_v1' returned '0': CMAKE_PREFIX_PATH=${CMAKE_PREFIX_PATH}:/opt/ros/humble CONDA_PROMPT_MODIFIER=(base) /usr/bin/cmake --install /home/tk/Desktop/humanoid-urdf/build/humanoid_v1
