[0.240s] DEBUG:colcon:Command line arguments: ['/usr/bin/colcon', 'build']
[0.240s] DEBUG:colcon:Parsed command line arguments: Namespace(log_base=None, log_level=None, verb_name='build', build_base='build', install_base='install', merge_install=False, symlink_install=False, test_result_base=None, continue_on_error=False, executor='parallel', parallel_workers=16, event_handlers=None, ignore_user_meta=False, metas=['./colcon.meta'], base_paths=['.'], packages_ignore=None, packages_ignore_regex=None, paths=None, packages_up_to=None, packages_up_to_regex=None, packages_above=None, packages_above_and_dependencies=None, packages_above_depth=None, packages_select_by_dep=None, packages_skip_by_dep=None, packages_skip_up_to=None, packages_select_build_failed=False, packages_skip_build_finished=False, packages_select_test_failures=False, packages_skip_test_passed=False, packages_select=None, packages_skip=None, packages_select_regex=None, packages_skip_regex=None, packages_start=None, packages_end=None, allow_overriding=[], cmake_args=None, cmake_target=None, cmake_target_skip_unavailable=False, cmake_clean_cache=False, cmake_clean_first=False, cmake_force_configure=False, ament_cmake_args=None, catkin_cmake_args=None, catkin_skip_building_tests=False, verb_parser=<colcon_defaults.argument_parser.defaults.DefaultArgumentsDecorator object at 0x7f760ba39270>, verb_extension=<colcon_core.verb.build.BuildVerb object at 0x7f760bb64b50>, main=<bound method BuildVerb.main of <colcon_core.verb.build.BuildVerb object at 0x7f760bb64b50>>)
[0.262s] Level 1:colcon.colcon_core.package_discovery:discover_packages(colcon_meta) check parameters
[0.262s] Level 1:colcon.colcon_core.package_discovery:discover_packages(recursive) check parameters
[0.262s] Level 1:colcon.colcon_core.package_discovery:discover_packages(ignore) check parameters
[0.262s] Level 1:colcon.colcon_core.package_discovery:discover_packages(path) check parameters
[0.262s] Level 1:colcon.colcon_core.package_discovery:discover_packages(colcon_meta) discover
[0.262s] Level 1:colcon.colcon_core.package_discovery:discover_packages(recursive) discover
[0.262s] INFO:colcon.colcon_core.package_discovery:Crawling recursively for packages in '/home/tk/Desktop/humanoid-urdf/src/humanoid_v1'
[0.262s] Level 1:colcon.colcon_core.package_identification:_identify(.) by extensions ['ignore', 'ignore_ament_install']
[0.263s] Level 1:colcon.colcon_core.package_identification:_identify(.) by extension 'ignore'
[0.263s] Level 1:colcon.colcon_core.package_identification:_identify(.) by extension 'ignore_ament_install'
[0.263s] Level 1:colcon.colcon_core.package_identification:_identify(.) by extensions ['colcon_pkg']
[0.263s] Level 1:colcon.colcon_core.package_identification:_identify(.) by extension 'colcon_pkg'
[0.263s] Level 1:colcon.colcon_core.package_identification:_identify(.) by extensions ['colcon_meta']
[0.263s] Level 1:colcon.colcon_core.package_identification:_identify(.) by extension 'colcon_meta'
[0.263s] Level 1:colcon.colcon_core.package_identification:_identify(.) by extensions ['ros']
[0.263s] Level 1:colcon.colcon_core.package_identification:_identify(.) by extension 'ros'
[0.274s] DEBUG:colcon.colcon_core.package_identification:Package '.' with type 'ros.ament_cmake' and name 'humanoid_v1'
[0.274s] Level 1:colcon.colcon_core.package_discovery:discover_packages(recursive) using defaults
[0.274s] Level 1:colcon.colcon_core.package_discovery:discover_packages(ignore) discover
[0.274s] Level 1:colcon.colcon_core.package_discovery:discover_packages(ignore) using defaults
[0.274s] Level 1:colcon.colcon_core.package_discovery:discover_packages(path) discover
[0.274s] Level 1:colcon.colcon_core.package_discovery:discover_packages(path) using defaults
[0.292s] Level 1:colcon.colcon_core.package_discovery:discover_packages(prefix_path) check parameters
[0.292s] Level 1:colcon.colcon_core.package_discovery:discover_packages(prefix_path) discover
[0.293s] WARNING:colcon.colcon_core.prefix_path.colcon:The path '/home/tk/Desktop/humanoid-urdf/humanoid_v1/install' in the environment variable COLCON_PREFIX_PATH doesn't exist
[0.293s] WARNING:colcon.colcon_ros.prefix_path.ament:The path '/home/tk/Desktop/humanoid-urdf/humanoid_v1/install/humanoid_v1' in the environment variable AMENT_PREFIX_PATH doesn't exist
[0.293s] WARNING:colcon.colcon_ros.prefix_path.catkin:The path '/home/tk/Desktop/humanoid-urdf/humanoid_v1/install/humanoid_v1' in the environment variable CMAKE_PREFIX_PATH doesn't exist
[0.295s] DEBUG:colcon.colcon_installed_package_information.package_discovery:Found 280 installed packages in /opt/ros/humble
[0.296s] Level 1:colcon.colcon_core.package_discovery:discover_packages(prefix_path) using defaults
[0.358s] Level 5:colcon.colcon_core.verb:set package 'humanoid_v1' build argument 'cmake_args' from command line to 'None'
[0.358s] Level 5:colcon.colcon_core.verb:set package 'humanoid_v1' build argument 'cmake_target' from command line to 'None'
[0.358s] Level 5:colcon.colcon_core.verb:set package 'humanoid_v1' build argument 'cmake_target_skip_unavailable' from command line to 'False'
[0.358s] Level 5:colcon.colcon_core.verb:set package 'humanoid_v1' build argument 'cmake_clean_cache' from command line to 'False'
[0.358s] Level 5:colcon.colcon_core.verb:set package 'humanoid_v1' build argument 'cmake_clean_first' from command line to 'False'
[0.358s] Level 5:colcon.colcon_core.verb:set package 'humanoid_v1' build argument 'cmake_force_configure' from command line to 'False'
[0.358s] Level 5:colcon.colcon_core.verb:set package 'humanoid_v1' build argument 'ament_cmake_args' from command line to 'None'
[0.358s] Level 5:colcon.colcon_core.verb:set package 'humanoid_v1' build argument 'catkin_cmake_args' from command line to 'None'
[0.358s] Level 5:colcon.colcon_core.verb:set package 'humanoid_v1' build argument 'catkin_skip_building_tests' from command line to 'False'
[0.358s] DEBUG:colcon.colcon_core.verb:Building package 'humanoid_v1' with the following arguments: {'ament_cmake_args': None, 'build_base': '/home/tk/Desktop/humanoid-urdf/src/humanoid_v1/build/humanoid_v1', 'catkin_cmake_args': None, 'catkin_skip_building_tests': False, 'cmake_args': None, 'cmake_clean_cache': False, 'cmake_clean_first': False, 'cmake_force_configure': False, 'cmake_target': None, 'cmake_target_skip_unavailable': False, 'install_base': '/home/tk/Desktop/humanoid-urdf/src/humanoid_v1/install/humanoid_v1', 'merge_install': False, 'path': '/home/tk/Desktop/humanoid-urdf/src/humanoid_v1', 'symlink_install': False, 'test_result_base': None}
[0.359s] INFO:colcon.colcon_core.executor:Executing jobs using 'parallel' executor
[0.362s] DEBUG:colcon.colcon_parallel_executor.executor.parallel:run_until_complete
[0.363s] INFO:colcon.colcon_ros.task.ament_cmake.build:Building ROS package in '/home/tk/Desktop/humanoid-urdf/src/humanoid_v1' with build type 'ament_cmake'
[0.363s] INFO:colcon.colcon_cmake.task.cmake.build:Building CMake package in '/home/tk/Desktop/humanoid-urdf/src/humanoid_v1'
[0.367s] INFO:colcon.colcon_core.plugin_system:Skipping extension 'colcon_core.shell.bat': Not used on non-Windows systems
[0.367s] INFO:colcon.colcon_core.shell:Skip shell extension 'powershell' for command environment: Not usable outside of PowerShell
[0.367s] DEBUG:colcon.colcon_core.shell:Skip shell extension 'dsv' for command environment
[0.377s] DEBUG:colcon.colcon_core.event_handler.log_command:Invoking command in '/home/tk/Desktop/humanoid-urdf/src/humanoid_v1/build/humanoid_v1': CMAKE_PREFIX_PATH=${CMAKE_PREFIX_PATH}:/opt/ros/humble CONDA_PROMPT_MODIFIER=(base) /usr/bin/cmake /home/tk/Desktop/humanoid-urdf/src/humanoid_v1 -DCMAKE_INSTALL_PREFIX=/home/tk/Desktop/humanoid-urdf/src/humanoid_v1/install/humanoid_v1
[0.857s] DEBUG:colcon.colcon_core.event_handler.log_command:Invoked command in '/home/tk/Desktop/humanoid-urdf/src/humanoid_v1/build/humanoid_v1' returned '0': CMAKE_PREFIX_PATH=${CMAKE_PREFIX_PATH}:/opt/ros/humble CONDA_PROMPT_MODIFIER=(base) /usr/bin/cmake /home/tk/Desktop/humanoid-urdf/src/humanoid_v1 -DCMAKE_INSTALL_PREFIX=/home/tk/Desktop/humanoid-urdf/src/humanoid_v1/install/humanoid_v1
[0.858s] DEBUG:colcon.colcon_core.event_handler.log_command:Invoking command in '/home/tk/Desktop/humanoid-urdf/src/humanoid_v1/build/humanoid_v1': CMAKE_PREFIX_PATH=${CMAKE_PREFIX_PATH}:/opt/ros/humble CONDA_PROMPT_MODIFIER=(base) /usr/bin/cmake --build /home/tk/Desktop/humanoid-urdf/src/humanoid_v1/build/humanoid_v1 -- -j16 -l16
[0.878s] DEBUG:colcon.colcon_core.event_handler.log_command:Invoked command in '/home/tk/Desktop/humanoid-urdf/src/humanoid_v1/build/humanoid_v1' returned '0': CMAKE_PREFIX_PATH=${CMAKE_PREFIX_PATH}:/opt/ros/humble CONDA_PROMPT_MODIFIER=(base) /usr/bin/cmake --build /home/tk/Desktop/humanoid-urdf/src/humanoid_v1/build/humanoid_v1 -- -j16 -l16
[0.901s] DEBUG:colcon.colcon_core.event_handler.log_command:Invoking command in '/home/tk/Desktop/humanoid-urdf/src/humanoid_v1/build/humanoid_v1': CMAKE_PREFIX_PATH=${CMAKE_PREFIX_PATH}:/opt/ros/humble CONDA_PROMPT_MODIFIER=(base) /usr/bin/cmake --install /home/tk/Desktop/humanoid-urdf/src/humanoid_v1/build/humanoid_v1
[0.912s] Level 1:colcon.colcon_core.environment:create_environment_scripts_only(humanoid_v1)
[0.912s] DEBUG:colcon.colcon_core.event_handler.log_command:Invoked command in '/home/tk/Desktop/humanoid-urdf/src/humanoid_v1/build/humanoid_v1' returned '0': CMAKE_PREFIX_PATH=${CMAKE_PREFIX_PATH}:/opt/ros/humble CONDA_PROMPT_MODIFIER=(base) /usr/bin/cmake --install /home/tk/Desktop/humanoid-urdf/src/humanoid_v1/build/humanoid_v1
[0.915s] Level 1:colcon.colcon_core.environment:checking '/home/tk/Desktop/humanoid-urdf/src/humanoid_v1/install/humanoid_v1' for CMake module files
[0.916s] Level 1:colcon.colcon_core.environment:checking '/home/tk/Desktop/humanoid-urdf/src/humanoid_v1/install/humanoid_v1' for CMake config files
[0.916s] Level 1:colcon.colcon_core.shell:create_environment_hook('humanoid_v1', 'cmake_prefix_path')
[0.917s] INFO:colcon.colcon_core.shell:Creating environment hook '/home/tk/Desktop/humanoid-urdf/src/humanoid_v1/install/humanoid_v1/share/humanoid_v1/hook/cmake_prefix_path.ps1'
[0.917s] INFO:colcon.colcon_core.shell:Creating environment descriptor '/home/tk/Desktop/humanoid-urdf/src/humanoid_v1/install/humanoid_v1/share/humanoid_v1/hook/cmake_prefix_path.dsv'
[0.918s] INFO:colcon.colcon_core.shell:Creating environment hook '/home/tk/Desktop/humanoid-urdf/src/humanoid_v1/install/humanoid_v1/share/humanoid_v1/hook/cmake_prefix_path.sh'
[0.918s] Level 1:colcon.colcon_core.environment:checking '/home/tk/Desktop/humanoid-urdf/src/humanoid_v1/install/humanoid_v1/bin'
[0.918s] Level 1:colcon.colcon_core.environment:checking '/home/tk/Desktop/humanoid-urdf/src/humanoid_v1/install/humanoid_v1/lib/pkgconfig/humanoid_v1.pc'
[0.918s] Level 1:colcon.colcon_core.environment:checking '/home/tk/Desktop/humanoid-urdf/src/humanoid_v1/install/humanoid_v1/lib/python3.10/site-packages'
[0.919s] Level 1:colcon.colcon_core.environment:checking '/home/tk/Desktop/humanoid-urdf/src/humanoid_v1/install/humanoid_v1/bin'
[0.920s] INFO:colcon.colcon_core.shell:Creating package script '/home/tk/Desktop/humanoid-urdf/src/humanoid_v1/install/humanoid_v1/share/humanoid_v1/package.ps1'
[0.920s] INFO:colcon.colcon_core.shell:Creating package descriptor '/home/tk/Desktop/humanoid-urdf/src/humanoid_v1/install/humanoid_v1/share/humanoid_v1/package.dsv'
[0.920s] INFO:colcon.colcon_core.shell:Creating package script '/home/tk/Desktop/humanoid-urdf/src/humanoid_v1/install/humanoid_v1/share/humanoid_v1/package.sh'
[0.921s] INFO:colcon.colcon_core.shell:Creating package script '/home/tk/Desktop/humanoid-urdf/src/humanoid_v1/install/humanoid_v1/share/humanoid_v1/package.bash'
[0.921s] INFO:colcon.colcon_core.shell:Creating package script '/home/tk/Desktop/humanoid-urdf/src/humanoid_v1/install/humanoid_v1/share/humanoid_v1/package.zsh'
[0.922s] Level 1:colcon.colcon_core.environment:create_file_with_runtime_dependencies(/home/tk/Desktop/humanoid-urdf/src/humanoid_v1/install/humanoid_v1/share/colcon-core/packages/humanoid_v1)
[0.935s] Level 1:colcon.colcon_core.environment:create_environment_scripts_only(humanoid_v1)
[0.936s] Level 1:colcon.colcon_core.environment:checking '/home/tk/Desktop/humanoid-urdf/src/humanoid_v1/install/humanoid_v1' for CMake module files
[0.936s] Level 1:colcon.colcon_core.environment:checking '/home/tk/Desktop/humanoid-urdf/src/humanoid_v1/install/humanoid_v1' for CMake config files
[0.937s] Level 1:colcon.colcon_core.shell:create_environment_hook('humanoid_v1', 'cmake_prefix_path')
[0.938s] INFO:colcon.colcon_core.shell:Creating environment hook '/home/tk/Desktop/humanoid-urdf/src/humanoid_v1/install/humanoid_v1/share/humanoid_v1/hook/cmake_prefix_path.ps1'
[0.938s] INFO:colcon.colcon_core.shell:Creating environment descriptor '/home/tk/Desktop/humanoid-urdf/src/humanoid_v1/install/humanoid_v1/share/humanoid_v1/hook/cmake_prefix_path.dsv'
[0.939s] INFO:colcon.colcon_core.shell:Creating environment hook '/home/tk/Desktop/humanoid-urdf/src/humanoid_v1/install/humanoid_v1/share/humanoid_v1/hook/cmake_prefix_path.sh'
[0.939s] Level 1:colcon.colcon_core.environment:checking '/home/tk/Desktop/humanoid-urdf/src/humanoid_v1/install/humanoid_v1/bin'
[0.939s] Level 1:colcon.colcon_core.environment:checking '/home/tk/Desktop/humanoid-urdf/src/humanoid_v1/install/humanoid_v1/lib/pkgconfig/humanoid_v1.pc'
[0.939s] Level 1:colcon.colcon_core.environment:checking '/home/tk/Desktop/humanoid-urdf/src/humanoid_v1/install/humanoid_v1/lib/python3.10/site-packages'
[0.940s] Level 1:colcon.colcon_core.environment:checking '/home/tk/Desktop/humanoid-urdf/src/humanoid_v1/install/humanoid_v1/bin'
[0.941s] INFO:colcon.colcon_core.shell:Creating package script '/home/tk/Desktop/humanoid-urdf/src/humanoid_v1/install/humanoid_v1/share/humanoid_v1/package.ps1'
[0.941s] INFO:colcon.colcon_core.shell:Creating package descriptor '/home/tk/Desktop/humanoid-urdf/src/humanoid_v1/install/humanoid_v1/share/humanoid_v1/package.dsv'
[0.941s] INFO:colcon.colcon_core.shell:Creating package script '/home/tk/Desktop/humanoid-urdf/src/humanoid_v1/install/humanoid_v1/share/humanoid_v1/package.sh'
[0.941s] INFO:colcon.colcon_core.shell:Creating package script '/home/tk/Desktop/humanoid-urdf/src/humanoid_v1/install/humanoid_v1/share/humanoid_v1/package.bash'
[0.942s] INFO:colcon.colcon_core.shell:Creating package script '/home/tk/Desktop/humanoid-urdf/src/humanoid_v1/install/humanoid_v1/share/humanoid_v1/package.zsh'
[0.942s] Level 1:colcon.colcon_core.environment:create_file_with_runtime_dependencies(/home/tk/Desktop/humanoid-urdf/src/humanoid_v1/install/humanoid_v1/share/colcon-core/packages/humanoid_v1)
[0.942s] DEBUG:colcon.colcon_parallel_executor.executor.parallel:closing loop
[0.942s] DEBUG:colcon.colcon_parallel_executor.executor.parallel:loop closed
[0.942s] DEBUG:colcon.colcon_parallel_executor.executor.parallel:run_until_complete finished with '0'
[0.942s] DEBUG:colcon.colcon_core.event_reactor:joining thread
[0.946s] INFO:colcon.colcon_core.plugin_system:Skipping extension 'colcon_notification.desktop_notification.terminal_notifier': Not used on non-Darwin systems
[0.946s] INFO:colcon.colcon_core.plugin_system:Skipping extension 'colcon_notification.desktop_notification.win32': Not used on non-Windows systems
[0.946s] INFO:colcon.colcon_notification.desktop_notification:Sending desktop notification using 'notify2'
[0.954s] DEBUG:colcon.colcon_core.event_reactor:joined thread
[0.955s] INFO:colcon.colcon_core.shell:Creating prefix script '/home/tk/Desktop/humanoid-urdf/src/humanoid_v1/install/local_setup.ps1'
[0.955s] INFO:colcon.colcon_core.shell:Creating prefix util module '/home/tk/Desktop/humanoid-urdf/src/humanoid_v1/install/_local_setup_util_ps1.py'
[0.956s] INFO:colcon.colcon_core.shell:Creating prefix chain script '/home/tk/Desktop/humanoid-urdf/src/humanoid_v1/install/setup.ps1'
[0.957s] INFO:colcon.colcon_core.shell:Creating prefix script '/home/tk/Desktop/humanoid-urdf/src/humanoid_v1/install/local_setup.sh'
[0.957s] INFO:colcon.colcon_core.shell:Creating prefix util module '/home/tk/Desktop/humanoid-urdf/src/humanoid_v1/install/_local_setup_util_sh.py'
[0.958s] INFO:colcon.colcon_core.shell:Creating prefix chain script '/home/tk/Desktop/humanoid-urdf/src/humanoid_v1/install/setup.sh'
[0.958s] INFO:colcon.colcon_core.shell:Creating prefix script '/home/tk/Desktop/humanoid-urdf/src/humanoid_v1/install/local_setup.bash'
[0.959s] INFO:colcon.colcon_core.shell:Creating prefix chain script '/home/tk/Desktop/humanoid-urdf/src/humanoid_v1/install/setup.bash'
[0.960s] INFO:colcon.colcon_core.shell:Creating prefix script '/home/tk/Desktop/humanoid-urdf/src/humanoid_v1/install/local_setup.zsh'
[0.961s] INFO:colcon.colcon_core.shell:Creating prefix chain script '/home/tk/Desktop/humanoid-urdf/src/humanoid_v1/install/setup.zsh'
