[0.346s] DEBUG:colcon:Command line arguments: ['/usr/bin/colcon', 'build']
[0.347s] DEBUG:colcon:Parsed command line arguments: Namespace(log_base=None, log_level=None, verb_name='build', build_base='build', install_base='install', merge_install=False, symlink_install=False, test_result_base=None, continue_on_error=False, executor='parallel', parallel_workers=16, event_handlers=None, ignore_user_meta=False, metas=['./colcon.meta'], base_paths=['.'], packages_ignore=None, packages_ignore_regex=None, paths=None, packages_up_to=None, packages_up_to_regex=None, packages_above=None, packages_above_and_dependencies=None, packages_above_depth=None, packages_select_by_dep=None, packages_skip_by_dep=None, packages_skip_up_to=None, packages_select_build_failed=False, packages_skip_build_finished=False, packages_select_test_failures=False, packages_skip_test_passed=False, packages_select=None, packages_skip=None, packages_select_regex=None, packages_skip_regex=None, packages_start=None, packages_end=None, allow_overriding=[], cmake_args=None, cmake_target=None, cmake_target_skip_unavailable=False, cmake_clean_cache=False, cmake_clean_first=False, cmake_force_configure=False, ament_cmake_args=None, catkin_cmake_args=None, catkin_skip_building_tests=False, verb_parser=<colcon_defaults.argument_parser.defaults.DefaultArgumentsDecorator object at 0x7fcfce2b12d0>, verb_extension=<colcon_core.verb.build.BuildVerb object at 0x7fcfceaa64a0>, main=<bound method BuildVerb.main of <colcon_core.verb.build.BuildVerb object at 0x7fcfceaa64a0>>)
[0.380s] Level 1:colcon.colcon_core.package_discovery:discover_packages(colcon_meta) check parameters
[0.381s] Level 1:colcon.colcon_core.package_discovery:discover_packages(recursive) check parameters
[0.381s] Level 1:colcon.colcon_core.package_discovery:discover_packages(ignore) check parameters
[0.381s] Level 1:colcon.colcon_core.package_discovery:discover_packages(path) check parameters
[0.381s] Level 1:colcon.colcon_core.package_discovery:discover_packages(colcon_meta) discover
[0.381s] Level 1:colcon.colcon_core.package_discovery:discover_packages(recursive) discover
[0.381s] INFO:colcon.colcon_core.package_discovery:Crawling recursively for packages in '/home/tk/Desktop/humanoid-urdf'
[0.381s] Level 1:colcon.colcon_core.package_identification:_identify(.) by extensions ['ignore', 'ignore_ament_install']
[0.381s] Level 1:colcon.colcon_core.package_identification:_identify(.) by extension 'ignore'
[0.381s] Level 1:colcon.colcon_core.package_identification:_identify(.) by extension 'ignore_ament_install'
[0.381s] Level 1:colcon.colcon_core.package_identification:_identify(.) by extensions ['colcon_pkg']
[0.381s] Level 1:colcon.colcon_core.package_identification:_identify(.) by extension 'colcon_pkg'
[0.381s] Level 1:colcon.colcon_core.package_identification:_identify(.) by extensions ['colcon_meta']
[0.381s] Level 1:colcon.colcon_core.package_identification:_identify(.) by extension 'colcon_meta'
[0.381s] Level 1:colcon.colcon_core.package_identification:_identify(.) by extensions ['ros']
[0.381s] Level 1:colcon.colcon_core.package_identification:_identify(.) by extension 'ros'
[0.393s] Level 1:colcon.colcon_core.package_identification:_identify(.) by extensions ['cmake', 'python']
[0.393s] Level 1:colcon.colcon_core.package_identification:_identify(.) by extension 'cmake'
[0.393s] Level 1:colcon.colcon_core.package_identification:_identify(.) by extension 'python'
[0.393s] Level 1:colcon.colcon_core.package_identification:_identify(.) by extensions ['python_setup_py']
[0.393s] Level 1:colcon.colcon_core.package_identification:_identify(.) by extension 'python_setup_py'
[0.393s] Level 1:colcon.colcon_core.package_identification:_identify(build) by extensions ['ignore', 'ignore_ament_install']
[0.393s] Level 1:colcon.colcon_core.package_identification:_identify(build) by extension 'ignore'
[0.393s] Level 1:colcon.colcon_core.package_identification:_identify(build) ignored
[0.393s] Level 1:colcon.colcon_core.package_identification:_identify(install) by extensions ['ignore', 'ignore_ament_install']
[0.393s] Level 1:colcon.colcon_core.package_identification:_identify(install) by extension 'ignore'
[0.393s] Level 1:colcon.colcon_core.package_identification:_identify(install) ignored
[0.393s] Level 1:colcon.colcon_core.package_identification:_identify(log) by extensions ['ignore', 'ignore_ament_install']
[0.393s] Level 1:colcon.colcon_core.package_identification:_identify(log) by extension 'ignore'
[0.393s] Level 1:colcon.colcon_core.package_identification:_identify(log) ignored
[0.393s] Level 1:colcon.colcon_core.package_identification:_identify(onshape) by extensions ['ignore', 'ignore_ament_install']
[0.394s] Level 1:colcon.colcon_core.package_identification:_identify(onshape) by extension 'ignore'
[0.394s] Level 1:colcon.colcon_core.package_identification:_identify(onshape) by extension 'ignore_ament_install'
[0.394s] Level 1:colcon.colcon_core.package_identification:_identify(onshape) by extensions ['colcon_pkg']
[0.394s] Level 1:colcon.colcon_core.package_identification:_identify(onshape) by extension 'colcon_pkg'
[0.394s] Level 1:colcon.colcon_core.package_identification:_identify(onshape) by extensions ['colcon_meta']
[0.394s] Level 1:colcon.colcon_core.package_identification:_identify(onshape) by extension 'colcon_meta'
[0.394s] Level 1:colcon.colcon_core.package_identification:_identify(onshape) by extensions ['ros']
[0.394s] Level 1:colcon.colcon_core.package_identification:_identify(onshape) by extension 'ros'
[0.394s] Level 1:colcon.colcon_core.package_identification:_identify(onshape) by extensions ['cmake', 'python']
[0.394s] Level 1:colcon.colcon_core.package_identification:_identify(onshape) by extension 'cmake'
[0.394s] Level 1:colcon.colcon_core.package_identification:_identify(onshape) by extension 'python'
[0.394s] Level 1:colcon.colcon_core.package_identification:_identify(onshape) by extensions ['python_setup_py']
[0.394s] Level 1:colcon.colcon_core.package_identification:_identify(onshape) by extension 'python_setup_py'
[0.394s] Level 1:colcon.colcon_core.package_identification:_identify(onshape/humanoid_v1) by extensions ['ignore', 'ignore_ament_install']
[0.394s] Level 1:colcon.colcon_core.package_identification:_identify(onshape/humanoid_v1) by extension 'ignore'
[0.394s] Level 1:colcon.colcon_core.package_identification:_identify(onshape/humanoid_v1) by extension 'ignore_ament_install'
[0.394s] Level 1:colcon.colcon_core.package_identification:_identify(onshape/humanoid_v1) by extensions ['colcon_pkg']
[0.395s] Level 1:colcon.colcon_core.package_identification:_identify(onshape/humanoid_v1) by extension 'colcon_pkg'
[0.395s] Level 1:colcon.colcon_core.package_identification:_identify(onshape/humanoid_v1) by extensions ['colcon_meta']
[0.395s] Level 1:colcon.colcon_core.package_identification:_identify(onshape/humanoid_v1) by extension 'colcon_meta'
[0.395s] Level 1:colcon.colcon_core.package_identification:_identify(onshape/humanoid_v1) by extensions ['ros']
[0.395s] Level 1:colcon.colcon_core.package_identification:_identify(onshape/humanoid_v1) by extension 'ros'
[0.395s] Level 1:colcon.colcon_core.package_identification:_identify(onshape/humanoid_v1) by extensions ['cmake', 'python']
[0.395s] Level 1:colcon.colcon_core.package_identification:_identify(onshape/humanoid_v1) by extension 'cmake'
[0.395s] Level 1:colcon.colcon_core.package_identification:_identify(onshape/humanoid_v1) by extension 'python'
[0.395s] Level 1:colcon.colcon_core.package_identification:_identify(onshape/humanoid_v1) by extensions ['python_setup_py']
[0.395s] Level 1:colcon.colcon_core.package_identification:_identify(onshape/humanoid_v1) by extension 'python_setup_py'
[0.395s] Level 1:colcon.colcon_core.package_identification:_identify(scripts) by extensions ['ignore', 'ignore_ament_install']
[0.395s] Level 1:colcon.colcon_core.package_identification:_identify(scripts) by extension 'ignore'
[0.395s] Level 1:colcon.colcon_core.package_identification:_identify(scripts) by extension 'ignore_ament_install'
[0.395s] Level 1:colcon.colcon_core.package_identification:_identify(scripts) by extensions ['colcon_pkg']
[0.395s] Level 1:colcon.colcon_core.package_identification:_identify(scripts) by extension 'colcon_pkg'
[0.395s] Level 1:colcon.colcon_core.package_identification:_identify(scripts) by extensions ['colcon_meta']
[0.395s] Level 1:colcon.colcon_core.package_identification:_identify(scripts) by extension 'colcon_meta'
[0.395s] Level 1:colcon.colcon_core.package_identification:_identify(scripts) by extensions ['ros']
[0.395s] Level 1:colcon.colcon_core.package_identification:_identify(scripts) by extension 'ros'
[0.396s] Level 1:colcon.colcon_core.package_identification:_identify(scripts) by extensions ['cmake', 'python']
[0.396s] Level 1:colcon.colcon_core.package_identification:_identify(scripts) by extension 'cmake'
[0.396s] Level 1:colcon.colcon_core.package_identification:_identify(scripts) by extension 'python'
[0.396s] Level 1:colcon.colcon_core.package_identification:_identify(scripts) by extensions ['python_setup_py']
[0.396s] Level 1:colcon.colcon_core.package_identification:_identify(scripts) by extension 'python_setup_py'
[0.396s] Level 1:colcon.colcon_core.package_identification:_identify(src) by extensions ['ignore', 'ignore_ament_install']
[0.396s] Level 1:colcon.colcon_core.package_identification:_identify(src) by extension 'ignore'
[0.396s] Level 1:colcon.colcon_core.package_identification:_identify(src) by extension 'ignore_ament_install'
[0.396s] Level 1:colcon.colcon_core.package_identification:_identify(src) by extensions ['colcon_pkg']
[0.396s] Level 1:colcon.colcon_core.package_identification:_identify(src) by extension 'colcon_pkg'
[0.396s] Level 1:colcon.colcon_core.package_identification:_identify(src) by extensions ['colcon_meta']
[0.396s] Level 1:colcon.colcon_core.package_identification:_identify(src) by extension 'colcon_meta'
[0.396s] Level 1:colcon.colcon_core.package_identification:_identify(src) by extensions ['ros']
[0.396s] Level 1:colcon.colcon_core.package_identification:_identify(src) by extension 'ros'
[0.396s] Level 1:colcon.colcon_core.package_identification:_identify(src) by extensions ['cmake', 'python']
[0.396s] Level 1:colcon.colcon_core.package_identification:_identify(src) by extension 'cmake'
[0.396s] Level 1:colcon.colcon_core.package_identification:_identify(src) by extension 'python'
[0.396s] Level 1:colcon.colcon_core.package_identification:_identify(src) by extensions ['python_setup_py']
[0.396s] Level 1:colcon.colcon_core.package_identification:_identify(src) by extension 'python_setup_py'
[0.397s] Level 1:colcon.colcon_core.package_identification:_identify(src/humanoid_v1) by extensions ['ignore', 'ignore_ament_install']
[0.397s] Level 1:colcon.colcon_core.package_identification:_identify(src/humanoid_v1) by extension 'ignore'
[0.397s] Level 1:colcon.colcon_core.package_identification:_identify(src/humanoid_v1) by extension 'ignore_ament_install'
[0.397s] Level 1:colcon.colcon_core.package_identification:_identify(src/humanoid_v1) by extensions ['colcon_pkg']
[0.397s] Level 1:colcon.colcon_core.package_identification:_identify(src/humanoid_v1) by extension 'colcon_pkg'
[0.397s] Level 1:colcon.colcon_core.package_identification:_identify(src/humanoid_v1) by extensions ['colcon_meta']
[0.397s] Level 1:colcon.colcon_core.package_identification:_identify(src/humanoid_v1) by extension 'colcon_meta'
[0.397s] Level 1:colcon.colcon_core.package_identification:_identify(src/humanoid_v1) by extensions ['ros']
[0.397s] Level 1:colcon.colcon_core.package_identification:_identify(src/humanoid_v1) by extension 'ros'
[0.400s] DEBUG:colcon.colcon_core.package_identification:Package 'src/humanoid_v1' with type 'ros.ament_cmake' and name 'humanoid_v1'
[0.400s] Level 1:colcon.colcon_core.package_discovery:discover_packages(recursive) using defaults
[0.400s] Level 1:colcon.colcon_core.package_discovery:discover_packages(ignore) discover
[0.400s] Level 1:colcon.colcon_core.package_discovery:discover_packages(ignore) using defaults
[0.400s] Level 1:colcon.colcon_core.package_discovery:discover_packages(path) discover
[0.400s] Level 1:colcon.colcon_core.package_discovery:discover_packages(path) using defaults
[0.424s] Level 1:colcon.colcon_core.package_discovery:discover_packages(prefix_path) check parameters
[0.424s] Level 1:colcon.colcon_core.package_discovery:discover_packages(prefix_path) discover
[0.425s] WARNING:colcon.colcon_core.prefix_path.colcon:The path '/home/tk/Desktop/humanoid-urdf/src/humanoid_v1/install' in the environment variable COLCON_PREFIX_PATH doesn't exist
[0.426s] WARNING:colcon.colcon_core.prefix_path.colcon:The path '/home/tk/Desktop/humanoid-urdf/humanoid_v1/install' in the environment variable COLCON_PREFIX_PATH doesn't exist
[0.426s] WARNING:colcon.colcon_ros.prefix_path.ament:The path '/home/tk/Desktop/humanoid-urdf/install/humanoid_v1' in the environment variable AMENT_PREFIX_PATH doesn't exist
[0.426s] WARNING:colcon.colcon_ros.prefix_path.ament:The path '/home/tk/Desktop/humanoid-urdf/src/humanoid_v1/install/humanoid_v1' in the environment variable AMENT_PREFIX_PATH doesn't exist
[0.426s] WARNING:colcon.colcon_ros.prefix_path.ament:The path '/home/tk/Desktop/humanoid-urdf/humanoid_v1/install/humanoid_v1' in the environment variable AMENT_PREFIX_PATH doesn't exist
[0.426s] WARNING:colcon.colcon_ros.prefix_path.catkin:The path '/home/tk/Desktop/humanoid-urdf/install/humanoid_v1' in the environment variable CMAKE_PREFIX_PATH doesn't exist
[0.426s] WARNING:colcon.colcon_ros.prefix_path.catkin:The path '/home/tk/Desktop/humanoid-urdf/src/humanoid_v1/install/humanoid_v1' in the environment variable CMAKE_PREFIX_PATH doesn't exist
[0.426s] WARNING:colcon.colcon_ros.prefix_path.catkin:The path '/home/tk/Desktop/humanoid-urdf/humanoid_v1/install/humanoid_v1' in the environment variable CMAKE_PREFIX_PATH doesn't exist
[0.427s] DEBUG:colcon.colcon_installed_package_information.package_discovery:Found 0 installed packages in /home/tk/Desktop/humanoid-urdf/install
[0.429s] DEBUG:colcon.colcon_installed_package_information.package_discovery:Found 280 installed packages in /opt/ros/humble
[0.431s] Level 1:colcon.colcon_core.package_discovery:discover_packages(prefix_path) using defaults
[0.508s] Level 5:colcon.colcon_core.verb:set package 'humanoid_v1' build argument 'cmake_args' from command line to 'None'
[0.508s] Level 5:colcon.colcon_core.verb:set package 'humanoid_v1' build argument 'cmake_target' from command line to 'None'
[0.508s] Level 5:colcon.colcon_core.verb:set package 'humanoid_v1' build argument 'cmake_target_skip_unavailable' from command line to 'False'
[0.508s] Level 5:colcon.colcon_core.verb:set package 'humanoid_v1' build argument 'cmake_clean_cache' from command line to 'False'
[0.508s] Level 5:colcon.colcon_core.verb:set package 'humanoid_v1' build argument 'cmake_clean_first' from command line to 'False'
[0.508s] Level 5:colcon.colcon_core.verb:set package 'humanoid_v1' build argument 'cmake_force_configure' from command line to 'False'
[0.509s] Level 5:colcon.colcon_core.verb:set package 'humanoid_v1' build argument 'ament_cmake_args' from command line to 'None'
[0.509s] Level 5:colcon.colcon_core.verb:set package 'humanoid_v1' build argument 'catkin_cmake_args' from command line to 'None'
[0.509s] Level 5:colcon.colcon_core.verb:set package 'humanoid_v1' build argument 'catkin_skip_building_tests' from command line to 'False'
[0.509s] DEBUG:colcon.colcon_core.verb:Building package 'humanoid_v1' with the following arguments: {'ament_cmake_args': None, 'build_base': '/home/tk/Desktop/humanoid-urdf/build/humanoid_v1', 'catkin_cmake_args': None, 'catkin_skip_building_tests': False, 'cmake_args': None, 'cmake_clean_cache': False, 'cmake_clean_first': False, 'cmake_force_configure': False, 'cmake_target': None, 'cmake_target_skip_unavailable': False, 'install_base': '/home/tk/Desktop/humanoid-urdf/install/humanoid_v1', 'merge_install': False, 'path': '/home/tk/Desktop/humanoid-urdf/src/humanoid_v1', 'symlink_install': False, 'test_result_base': None}
[0.509s] INFO:colcon.colcon_core.executor:Executing jobs using 'parallel' executor
[0.513s] DEBUG:colcon.colcon_parallel_executor.executor.parallel:run_until_complete
[0.513s] INFO:colcon.colcon_ros.task.ament_cmake.build:Building ROS package in '/home/tk/Desktop/humanoid-urdf/src/humanoid_v1' with build type 'ament_cmake'
[0.513s] INFO:colcon.colcon_cmake.task.cmake.build:Building CMake package in '/home/tk/Desktop/humanoid-urdf/src/humanoid_v1'
[0.518s] INFO:colcon.colcon_core.plugin_system:Skipping extension 'colcon_core.shell.bat': Not used on non-Windows systems
[0.518s] INFO:colcon.colcon_core.shell:Skip shell extension 'powershell' for command environment: Not usable outside of PowerShell
[0.518s] DEBUG:colcon.colcon_core.shell:Skip shell extension 'dsv' for command environment
[0.527s] DEBUG:colcon.colcon_core.event_handler.log_command:Invoking command in '/home/tk/Desktop/humanoid-urdf/build/humanoid_v1': CMAKE_PREFIX_PATH=${CMAKE_PREFIX_PATH}:/opt/ros/humble CONDA_PROMPT_MODIFIER=(base) /usr/bin/cmake --build /home/tk/Desktop/humanoid-urdf/build/humanoid_v1 -- -j16 -l16
[0.563s] DEBUG:colcon.colcon_core.event_handler.log_command:Invoked command in '/home/tk/Desktop/humanoid-urdf/build/humanoid_v1' returned '0': CMAKE_PREFIX_PATH=${CMAKE_PREFIX_PATH}:/opt/ros/humble CONDA_PROMPT_MODIFIER=(base) /usr/bin/cmake --build /home/tk/Desktop/humanoid-urdf/build/humanoid_v1 -- -j16 -l16
[0.589s] DEBUG:colcon.colcon_core.event_handler.log_command:Invoking command in '/home/tk/Desktop/humanoid-urdf/build/humanoid_v1': CMAKE_PREFIX_PATH=${CMAKE_PREFIX_PATH}:/opt/ros/humble CONDA_PROMPT_MODIFIER=(base) /usr/bin/cmake --install /home/tk/Desktop/humanoid-urdf/build/humanoid_v1
[0.907s] Level 1:colcon.colcon_core.environment:create_environment_scripts_only(humanoid_v1)
[0.908s] DEBUG:colcon.colcon_core.event_handler.log_command:Invoked command in '/home/tk/Desktop/humanoid-urdf/build/humanoid_v1' returned '0': CMAKE_PREFIX_PATH=${CMAKE_PREFIX_PATH}:/opt/ros/humble CONDA_PROMPT_MODIFIER=(base) /usr/bin/cmake --install /home/tk/Desktop/humanoid-urdf/build/humanoid_v1
[0.912s] Level 1:colcon.colcon_core.environment:checking '/home/tk/Desktop/humanoid-urdf/install/humanoid_v1' for CMake module files
[0.912s] Level 1:colcon.colcon_core.environment:checking '/home/tk/Desktop/humanoid-urdf/install/humanoid_v1' for CMake config files
[0.912s] Level 1:colcon.colcon_core.shell:create_environment_hook('humanoid_v1', 'cmake_prefix_path')
[0.914s] INFO:colcon.colcon_core.shell:Creating environment hook '/home/tk/Desktop/humanoid-urdf/install/humanoid_v1/share/humanoid_v1/hook/cmake_prefix_path.ps1'
[0.915s] INFO:colcon.colcon_core.shell:Creating environment descriptor '/home/tk/Desktop/humanoid-urdf/install/humanoid_v1/share/humanoid_v1/hook/cmake_prefix_path.dsv'
[0.915s] INFO:colcon.colcon_core.shell:Creating environment hook '/home/tk/Desktop/humanoid-urdf/install/humanoid_v1/share/humanoid_v1/hook/cmake_prefix_path.sh'
[0.916s] Level 1:colcon.colcon_core.environment:checking '/home/tk/Desktop/humanoid-urdf/install/humanoid_v1/bin'
[0.916s] Level 1:colcon.colcon_core.environment:checking '/home/tk/Desktop/humanoid-urdf/install/humanoid_v1/lib/pkgconfig/humanoid_v1.pc'
[0.916s] Level 1:colcon.colcon_core.environment:checking '/home/tk/Desktop/humanoid-urdf/install/humanoid_v1/lib/python3.10/site-packages'
[0.917s] Level 1:colcon.colcon_core.environment:checking '/home/tk/Desktop/humanoid-urdf/install/humanoid_v1/bin'
[0.918s] INFO:colcon.colcon_core.shell:Creating package script '/home/tk/Desktop/humanoid-urdf/install/humanoid_v1/share/humanoid_v1/package.ps1'
[0.919s] INFO:colcon.colcon_core.shell:Creating package descriptor '/home/tk/Desktop/humanoid-urdf/install/humanoid_v1/share/humanoid_v1/package.dsv'
[0.920s] INFO:colcon.colcon_core.shell:Creating package script '/home/tk/Desktop/humanoid-urdf/install/humanoid_v1/share/humanoid_v1/package.sh'
[0.920s] INFO:colcon.colcon_core.shell:Creating package script '/home/tk/Desktop/humanoid-urdf/install/humanoid_v1/share/humanoid_v1/package.bash'
[0.921s] INFO:colcon.colcon_core.shell:Creating package script '/home/tk/Desktop/humanoid-urdf/install/humanoid_v1/share/humanoid_v1/package.zsh'
[0.921s] Level 1:colcon.colcon_core.environment:create_file_with_runtime_dependencies(/home/tk/Desktop/humanoid-urdf/install/humanoid_v1/share/colcon-core/packages/humanoid_v1)
[0.940s] Level 1:colcon.colcon_core.environment:create_environment_scripts_only(humanoid_v1)
[0.944s] Level 1:colcon.colcon_core.environment:checking '/home/tk/Desktop/humanoid-urdf/install/humanoid_v1' for CMake module files
[0.945s] Level 1:colcon.colcon_core.environment:checking '/home/tk/Desktop/humanoid-urdf/install/humanoid_v1' for CMake config files
[0.945s] Level 1:colcon.colcon_core.shell:create_environment_hook('humanoid_v1', 'cmake_prefix_path')
[0.947s] INFO:colcon.colcon_core.shell:Creating environment hook '/home/tk/Desktop/humanoid-urdf/install/humanoid_v1/share/humanoid_v1/hook/cmake_prefix_path.ps1'
[0.947s] INFO:colcon.colcon_core.shell:Creating environment descriptor '/home/tk/Desktop/humanoid-urdf/install/humanoid_v1/share/humanoid_v1/hook/cmake_prefix_path.dsv'
[0.948s] INFO:colcon.colcon_core.shell:Creating environment hook '/home/tk/Desktop/humanoid-urdf/install/humanoid_v1/share/humanoid_v1/hook/cmake_prefix_path.sh'
[0.948s] Level 1:colcon.colcon_core.environment:checking '/home/tk/Desktop/humanoid-urdf/install/humanoid_v1/bin'
[0.948s] Level 1:colcon.colcon_core.environment:checking '/home/tk/Desktop/humanoid-urdf/install/humanoid_v1/lib/pkgconfig/humanoid_v1.pc'
[0.949s] Level 1:colcon.colcon_core.environment:checking '/home/tk/Desktop/humanoid-urdf/install/humanoid_v1/lib/python3.10/site-packages'
[0.949s] Level 1:colcon.colcon_core.environment:checking '/home/tk/Desktop/humanoid-urdf/install/humanoid_v1/bin'
[0.950s] INFO:colcon.colcon_core.shell:Creating package script '/home/tk/Desktop/humanoid-urdf/install/humanoid_v1/share/humanoid_v1/package.ps1'
[0.951s] INFO:colcon.colcon_core.shell:Creating package descriptor '/home/tk/Desktop/humanoid-urdf/install/humanoid_v1/share/humanoid_v1/package.dsv'
[0.952s] INFO:colcon.colcon_core.shell:Creating package script '/home/tk/Desktop/humanoid-urdf/install/humanoid_v1/share/humanoid_v1/package.sh'
[0.952s] INFO:colcon.colcon_core.shell:Creating package script '/home/tk/Desktop/humanoid-urdf/install/humanoid_v1/share/humanoid_v1/package.bash'
[0.952s] INFO:colcon.colcon_core.shell:Creating package script '/home/tk/Desktop/humanoid-urdf/install/humanoid_v1/share/humanoid_v1/package.zsh'
[0.953s] Level 1:colcon.colcon_core.environment:create_file_with_runtime_dependencies(/home/tk/Desktop/humanoid-urdf/install/humanoid_v1/share/colcon-core/packages/humanoid_v1)
[0.953s] DEBUG:colcon.colcon_parallel_executor.executor.parallel:closing loop
[0.953s] DEBUG:colcon.colcon_parallel_executor.executor.parallel:loop closed
[0.954s] DEBUG:colcon.colcon_parallel_executor.executor.parallel:run_until_complete finished with '0'
[0.954s] DEBUG:colcon.colcon_core.event_reactor:joining thread
[0.960s] INFO:colcon.colcon_core.plugin_system:Skipping extension 'colcon_notification.desktop_notification.terminal_notifier': Not used on non-Darwin systems
[0.961s] INFO:colcon.colcon_core.plugin_system:Skipping extension 'colcon_notification.desktop_notification.win32': Not used on non-Windows systems
[0.961s] INFO:colcon.colcon_notification.desktop_notification:Sending desktop notification using 'notify2'
[0.988s] DEBUG:colcon.colcon_core.event_reactor:joined thread
[0.990s] INFO:colcon.colcon_core.shell:Creating prefix script '/home/tk/Desktop/humanoid-urdf/install/local_setup.ps1'
[0.991s] INFO:colcon.colcon_core.shell:Creating prefix util module '/home/tk/Desktop/humanoid-urdf/install/_local_setup_util_ps1.py'
[0.993s] INFO:colcon.colcon_core.shell:Creating prefix chain script '/home/tk/Desktop/humanoid-urdf/install/setup.ps1'
[0.995s] INFO:colcon.colcon_core.shell:Creating prefix script '/home/tk/Desktop/humanoid-urdf/install/local_setup.sh'
[0.995s] INFO:colcon.colcon_core.shell:Creating prefix util module '/home/tk/Desktop/humanoid-urdf/install/_local_setup_util_sh.py'
[0.996s] INFO:colcon.colcon_core.shell:Creating prefix chain script '/home/tk/Desktop/humanoid-urdf/install/setup.sh'
[0.998s] INFO:colcon.colcon_core.shell:Creating prefix script '/home/tk/Desktop/humanoid-urdf/install/local_setup.bash'
[0.999s] INFO:colcon.colcon_core.shell:Creating prefix chain script '/home/tk/Desktop/humanoid-urdf/install/setup.bash'
[1.000s] INFO:colcon.colcon_core.shell:Creating prefix script '/home/tk/Desktop/humanoid-urdf/install/local_setup.zsh'
[1.001s] INFO:colcon.colcon_core.shell:Creating prefix chain script '/home/tk/Desktop/humanoid-urdf/install/setup.zsh'
