gmake[1]: Entering directory '/home/tk/Desktop/humanoid-urdf/build/humanoid_v1'
gmake[1]: Leaving directory '/home/tk/Desktop/humanoid-urdf/build/humanoid_v1'
-- Install configuration: ""
-- Installing: /home/tk/Desktop/humanoid-urdf/install/humanoid_v1/share/humanoid_v1/config
-- Installing: /home/tk/Desktop/humanoid-urdf/install/humanoid_v1/share/humanoid_v1/launch
-- Installing: /home/tk/Desktop/humanoid-urdf/install/humanoid_v1/share/humanoid_v1/launch/humanoid_v1.launch.py
-- Installing: /home/tk/Desktop/humanoid-urdf/install/humanoid_v1/share/humanoid_v1/maps
-- Installing: /home/tk/Desktop/humanoid-urdf/install/humanoid_v1/share/humanoid_v1/meshes
-- Installing: /home/tk/Desktop/humanoid-urdf/install/humanoid_v1/share/humanoid_v1/meshes/extrusion__length_0.2+meter.stl
-- Installing: /home/tk/Desktop/humanoid-urdf/install/humanoid_v1/share/humanoid_v1/meshes/feetx_copy_1_visual.stl
-- Installing: /home/tk/Desktop/humanoid-urdf/install/humanoid_v1/share/humanoid_v1/meshes/motor_hub.stl
-- Installing: /home/tk/Desktop/humanoid-urdf/install/humanoid_v1/share/humanoid_v1/meshes/feety_2_collision.stl
-- Installing: /home/tk/Desktop/humanoid-urdf/install/humanoid_v1/share/humanoid_v1/meshes/part_1__length_0.15+meter.stl
-- Installing: /home/tk/Desktop/humanoid-urdf/install/humanoid_v1/share/humanoid_v1/meshes/shinmount.stl
-- Installing: /home/tk/Desktop/humanoid-urdf/install/humanoid_v1/share/humanoid_v1/meshes/feet.stl
-- Installing: /home/tk/Desktop/humanoid-urdf/install/humanoid_v1/share/humanoid_v1/meshes/x.stl
-- Installing: /home/tk/Desktop/humanoid-urdf/install/humanoid_v1/share/humanoid_v1/meshes/upperlegz_copy_1_collision.stl
-- Installing: /home/tk/Desktop/humanoid-urdf/install/humanoid_v1/share/humanoid_v1/meshes/extrusion__length_0.15+meter.stl
-- Installing: /home/tk/Desktop/humanoid-urdf/install/humanoid_v1/share/humanoid_v1/meshes/input_shaft.stl
-- Installing: /home/tk/Desktop/humanoid-urdf/install/humanoid_v1/share/humanoid_v1/meshes/upperlegy_collision.stl
-- Installing: /home/tk/Desktop/humanoid-urdf/install/humanoid_v1/share/humanoid_v1/meshes/hipmounty.stl
-- Installing: /home/tk/Desktop/humanoid-urdf/install/humanoid_v1/share/humanoid_v1/meshes/lowerlegx_2_visual.stl
-- Installing: /home/tk/Desktop/humanoid-urdf/install/humanoid_v1/share/humanoid_v1/meshes/feetx_visual.stl
-- Installing: /home/tk/Desktop/humanoid-urdf/install/humanoid_v1/share/humanoid_v1/meshes/part_1__length_0.2+meter.stl
-- Installing: /home/tk/Desktop/humanoid-urdf/install/humanoid_v1/share/humanoid_v1/meshes/lowerlegz_collision.stl
-- Installing: /home/tk/Desktop/humanoid-urdf/install/humanoid_v1/share/humanoid_v1/meshes/upperlegx_collision.stl
-- Installing: /home/tk/Desktop/humanoid-urdf/install/humanoid_v1/share/humanoid_v1/meshes/5010mounty.stl
-- Installing: /home/tk/Desktop/humanoid-urdf/install/humanoid_v1/share/humanoid_v1/meshes/feety_visual.stl
-- Installing: /home/tk/Desktop/humanoid-urdf/install/humanoid_v1/share/humanoid_v1/meshes/component1.stl
-- Installing: /home/tk/Desktop/humanoid-urdf/install/humanoid_v1/share/humanoid_v1/meshes/knee_mount_z_v3.stl
-- Installing: /home/tk/Desktop/humanoid-urdf/install/humanoid_v1/share/humanoid_v1/meshes/feetx_collision.stl
-- Installing: /home/tk/Desktop/humanoid-urdf/install/humanoid_v1/share/humanoid_v1/meshes/extrusion_100mm.stl
-- Installing: /home/tk/Desktop/humanoid-urdf/install/humanoid_v1/share/humanoid_v1/meshes/upperlegz_collision.stl
-- Installing: /home/tk/Desktop/humanoid-urdf/install/humanoid_v1/share/humanoid_v1/meshes/upperlegy_2_visual.stl
-- Installing: /home/tk/Desktop/humanoid-urdf/install/humanoid_v1/share/humanoid_v1/meshes/feetx_copy_1_collision.stl
-- Installing: /home/tk/Desktop/humanoid-urdf/install/humanoid_v1/share/humanoid_v1/meshes/upperlegx_2_collision.stl
-- Installing: /home/tk/Desktop/humanoid-urdf/install/humanoid_v1/share/humanoid_v1/meshes/hipmountz.stl
-- Installing: /home/tk/Desktop/humanoid-urdf/install/humanoid_v1/share/humanoid_v1/meshes/part_1.stl
-- Installing: /home/tk/Desktop/humanoid-urdf/install/humanoid_v1/share/humanoid_v1/meshes/5010motorcore.stl
-- Installing: /home/tk/Desktop/humanoid-urdf/install/humanoid_v1/share/humanoid_v1/meshes/lowerlegx_collision.stl
-- Installing: /home/tk/Desktop/humanoid-urdf/install/humanoid_v1/share/humanoid_v1/meshes/base_collision.stl
-- Installing: /home/tk/Desktop/humanoid-urdf/install/humanoid_v1/share/humanoid_v1/meshes/feety_2_visual.stl
-- Installing: /home/tk/Desktop/humanoid-urdf/install/humanoid_v1/share/humanoid_v1/meshes/upperlegx_2_visual.stl
-- Installing: /home/tk/Desktop/humanoid-urdf/install/humanoid_v1/share/humanoid_v1/meshes/lowerlegx_2_collision.stl
-- Installing: /home/tk/Desktop/humanoid-urdf/install/humanoid_v1/share/humanoid_v1/meshes/upperlegy_visual.stl
-- Installing: /home/tk/Desktop/humanoid-urdf/install/humanoid_v1/share/humanoid_v1/meshes/upperlegz_copy_1_visual.stl
-- Installing: /home/tk/Desktop/humanoid-urdf/install/humanoid_v1/share/humanoid_v1/meshes/part_3.stl
-- Installing: /home/tk/Desktop/humanoid-urdf/install/humanoid_v1/share/humanoid_v1/meshes/z.stl
-- Installing: /home/tk/Desktop/humanoid-urdf/install/humanoid_v1/share/humanoid_v1/meshes/cycloidal_disk.stl
-- Installing: /home/tk/Desktop/humanoid-urdf/install/humanoid_v1/share/humanoid_v1/meshes/output_shaft.stl
-- Installing: /home/tk/Desktop/humanoid-urdf/install/humanoid_v1/share/humanoid_v1/meshes/part_2.stl
-- Installing: /home/tk/Desktop/humanoid-urdf/install/humanoid_v1/share/humanoid_v1/meshes/extrusion_150mm.stl
-- Installing: /home/tk/Desktop/humanoid-urdf/install/humanoid_v1/share/humanoid_v1/meshes/hipmountx.stl
-- Installing: /home/tk/Desktop/humanoid-urdf/install/humanoid_v1/share/humanoid_v1/meshes/arm.stl
-- Installing: /home/tk/Desktop/humanoid-urdf/install/humanoid_v1/share/humanoid_v1/meshes/5010motorrotor.stl
-- Installing: /home/tk/Desktop/humanoid-urdf/install/humanoid_v1/share/humanoid_v1/meshes/lowerlegz_2_visual.stl
-- Installing: /home/tk/Desktop/humanoid-urdf/install/humanoid_v1/share/humanoid_v1/meshes/part_4.stl
-- Installing: /home/tk/Desktop/humanoid-urdf/install/humanoid_v1/share/humanoid_v1/meshes/hipmountx2.stl
-- Installing: /home/tk/Desktop/humanoid-urdf/install/humanoid_v1/share/humanoid_v1/meshes/kneemountx.stl
-- Installing: /home/tk/Desktop/humanoid-urdf/install/humanoid_v1/share/humanoid_v1/meshes/upperlegz_visual.stl
-- Installing: /home/tk/Desktop/humanoid-urdf/install/humanoid_v1/share/humanoid_v1/meshes/upperlegx_visual.stl
-- Installing: /home/tk/Desktop/humanoid-urdf/install/humanoid_v1/share/humanoid_v1/meshes/y.stl
-- Installing: /home/tk/Desktop/humanoid-urdf/install/humanoid_v1/share/humanoid_v1/meshes/upperlegy_2_collision.stl
-- Installing: /home/tk/Desktop/humanoid-urdf/install/humanoid_v1/share/humanoid_v1/meshes/upperlegmountz.stl
-- Installing: /home/tk/Desktop/humanoid-urdf/install/humanoid_v1/share/humanoid_v1/meshes/simpleshoe.stl
-- Installing: /home/tk/Desktop/humanoid-urdf/install/humanoid_v1/share/humanoid_v1/meshes/extrusion_400mm.stl
-- Installing: /home/tk/Desktop/humanoid-urdf/install/humanoid_v1/share/humanoid_v1/meshes/housing.stl
-- Installing: /home/tk/Desktop/humanoid-urdf/install/humanoid_v1/share/humanoid_v1/meshes/6656k234_ultra-thin_ball_bearing.stl
-- Installing: /home/tk/Desktop/humanoid-urdf/install/humanoid_v1/share/humanoid_v1/meshes/lowerlegz_visual.stl
-- Installing: /home/tk/Desktop/humanoid-urdf/install/humanoid_v1/share/humanoid_v1/meshes/base_visual.stl
-- Installing: /home/tk/Desktop/humanoid-urdf/install/humanoid_v1/share/humanoid_v1/meshes/lowerlegz_2_collision.stl
-- Installing: /home/tk/Desktop/humanoid-urdf/install/humanoid_v1/share/humanoid_v1/meshes/lowerlegx_visual.stl
-- Installing: /home/tk/Desktop/humanoid-urdf/install/humanoid_v1/share/humanoid_v1/meshes/motor_shell.stl
-- Installing: /home/tk/Desktop/humanoid-urdf/install/humanoid_v1/share/humanoid_v1/meshes/5010motorcoil.stl
-- Installing: /home/tk/Desktop/humanoid-urdf/install/humanoid_v1/share/humanoid_v1/meshes/kneemountxinv.stl
-- Installing: /home/tk/Desktop/humanoid-urdf/install/humanoid_v1/share/humanoid_v1/meshes/feety_collision.stl
-- Installing: /home/tk/Desktop/humanoid-urdf/install/humanoid_v1/share/humanoid_v1/models
-- Installing: /home/tk/Desktop/humanoid-urdf/install/humanoid_v1/share/humanoid_v1/params
-- Installing: /home/tk/Desktop/humanoid-urdf/install/humanoid_v1/share/humanoid_v1/rviz
-- Installing: /home/tk/Desktop/humanoid-urdf/install/humanoid_v1/share/humanoid_v1/rviz/rviz_basic_settings.rviz
-- Installing: /home/tk/Desktop/humanoid-urdf/install/humanoid_v1/share/humanoid_v1/src
-- Installing: /home/tk/Desktop/humanoid-urdf/install/humanoid_v1/share/humanoid_v1/urdf
-- Installing: /home/tk/Desktop/humanoid-urdf/install/humanoid_v1/share/humanoid_v1/urdf/robot.urdf.xacro
-- Installing: /home/tk/Desktop/humanoid-urdf/install/humanoid_v1/share/humanoid_v1/worlds
-- Installing: /home/tk/Desktop/humanoid-urdf/install/humanoid_v1/share/ament_index/resource_index/package_run_dependencies/humanoid_v1
-- Installing: /home/tk/Desktop/humanoid-urdf/install/humanoid_v1/share/ament_index/resource_index/parent_prefix_path/humanoid_v1
-- Installing: /home/tk/Desktop/humanoid-urdf/install/humanoid_v1/share/humanoid_v1/environment/ament_prefix_path.sh
-- Installing: /home/tk/Desktop/humanoid-urdf/install/humanoid_v1/share/humanoid_v1/environment/ament_prefix_path.dsv
-- Installing: /home/tk/Desktop/humanoid-urdf/install/humanoid_v1/share/humanoid_v1/environment/path.sh
-- Installing: /home/tk/Desktop/humanoid-urdf/install/humanoid_v1/share/humanoid_v1/environment/path.dsv
-- Installing: /home/tk/Desktop/humanoid-urdf/install/humanoid_v1/share/humanoid_v1/local_setup.bash
-- Installing: /home/tk/Desktop/humanoid-urdf/install/humanoid_v1/share/humanoid_v1/local_setup.sh
-- Installing: /home/tk/Desktop/humanoid-urdf/install/humanoid_v1/share/humanoid_v1/local_setup.zsh
-- Installing: /home/tk/Desktop/humanoid-urdf/install/humanoid_v1/share/humanoid_v1/local_setup.dsv
-- Installing: /home/tk/Desktop/humanoid-urdf/install/humanoid_v1/share/humanoid_v1/package.dsv
-- Installing: /home/tk/Desktop/humanoid-urdf/install/humanoid_v1/share/ament_index/resource_index/packages/humanoid_v1
-- Installing: /home/tk/Desktop/humanoid-urdf/install/humanoid_v1/share/humanoid_v1/cmake/humanoid_v1Config.cmake
-- Installing: /home/tk/Desktop/humanoid-urdf/install/humanoid_v1/share/humanoid_v1/cmake/humanoid_v1Config-version.cmake
-- Installing: /home/tk/Desktop/humanoid-urdf/install/humanoid_v1/share/humanoid_v1/package.xml
