[0.015s] Invoking command in '/home/tk/Desktop/humanoid-urdf/build/humanoid_v1': CMAKE_PREFIX_PATH=${CMAKE_PREFIX_PATH}:/opt/ros/humble CONDA_PROMPT_MODIFIER=(base) /usr/bin/cmake --build /home/tk/Desktop/humanoid-urdf/build/humanoid_v1 -- -j16 -l16
[0.024s] gmake[1]: Entering directory '/home/tk/Desktop/humanoid-urdf/build/humanoid_v1'
[0.053s] gmake[1]: Leaving directory '/home/tk/Desktop/humanoid-urdf/build/humanoid_v1'
[0.053s] Invoked command in '/home/tk/Desktop/humanoid-urdf/build/humanoid_v1' returned '0': CMAKE_PREFIX_PATH=${CMAKE_PREFIX_PATH}:/opt/ros/humble CONDA_PROMPT_MODIFIER=(base) /usr/bin/cmake --build /home/tk/Desktop/humanoid-urdf/build/humanoid_v1 -- -j16 -l16
[0.087s] Invoking command in '/home/tk/Desktop/humanoid-urdf/build/humanoid_v1': CMAKE_PREFIX_PATH=${CMAKE_PREFIX_PATH}:/opt/ros/humble CONDA_PROMPT_MODIFIER=(base) /usr/bin/cmake --install /home/tk/Desktop/humanoid-urdf/build/humanoid_v1
[0.094s] -- Install configuration: ""
[0.094s] -- Installing: /home/tk/Desktop/humanoid-urdf/install/humanoid_v1/share/humanoid_v1/config
[0.094s] -- Installing: /home/tk/Desktop/humanoid-urdf/install/humanoid_v1/share/humanoid_v1/launch
[0.094s] -- Installing: /home/tk/Desktop/humanoid-urdf/install/humanoid_v1/share/humanoid_v1/launch/humanoid_v1.launch.py
[0.094s] -- Installing: /home/tk/Desktop/humanoid-urdf/install/humanoid_v1/share/humanoid_v1/maps
[0.094s] -- Installing: /home/tk/Desktop/humanoid-urdf/install/humanoid_v1/share/humanoid_v1/meshes
[0.094s] -- Installing: /home/tk/Desktop/humanoid-urdf/install/humanoid_v1/share/humanoid_v1/meshes/extrusion__length_0.2+meter.stl
[0.095s] -- Installing: /home/tk/Desktop/humanoid-urdf/install/humanoid_v1/share/humanoid_v1/meshes/feetx_copy_1_visual.stl
[0.095s] -- Installing: /home/tk/Desktop/humanoid-urdf/install/humanoid_v1/share/humanoid_v1/meshes/motor_hub.stl
[0.095s] -- Installing: /home/tk/Desktop/humanoid-urdf/install/humanoid_v1/share/humanoid_v1/meshes/feety_2_collision.stl
[0.097s] -- Installing: /home/tk/Desktop/humanoid-urdf/install/humanoid_v1/share/humanoid_v1/meshes/part_1__length_0.15+meter.stl
[0.097s] -- Installing: /home/tk/Desktop/humanoid-urdf/install/humanoid_v1/share/humanoid_v1/meshes/shinmount.stl
[0.098s] -- Installing: /home/tk/Desktop/humanoid-urdf/install/humanoid_v1/share/humanoid_v1/meshes/feet.stl
[0.098s] -- Installing: /home/tk/Desktop/humanoid-urdf/install/humanoid_v1/share/humanoid_v1/meshes/x.stl
[0.099s] -- Installing: /home/tk/Desktop/humanoid-urdf/install/humanoid_v1/share/humanoid_v1/meshes/upperlegz_copy_1_collision.stl
[0.113s] -- Installing: /home/tk/Desktop/humanoid-urdf/install/humanoid_v1/share/humanoid_v1/meshes/extrusion__length_0.15+meter.stl
[0.113s] -- Installing: /home/tk/Desktop/humanoid-urdf/install/humanoid_v1/share/humanoid_v1/meshes/input_shaft.stl
[0.113s] -- Installing: /home/tk/Desktop/humanoid-urdf/install/humanoid_v1/share/humanoid_v1/meshes/upperlegy_collision.stl
[0.126s] -- Installing: /home/tk/Desktop/humanoid-urdf/install/humanoid_v1/share/humanoid_v1/meshes/hipmounty.stl
[0.126s] -- Installing: /home/tk/Desktop/humanoid-urdf/install/humanoid_v1/share/humanoid_v1/meshes/lowerlegx_2_visual.stl
[0.130s] -- Installing: /home/tk/Desktop/humanoid-urdf/install/humanoid_v1/share/humanoid_v1/meshes/feetx_visual.stl
[0.130s] -- Installing: /home/tk/Desktop/humanoid-urdf/install/humanoid_v1/share/humanoid_v1/meshes/part_1__length_0.2+meter.stl
[0.130s] -- Installing: /home/tk/Desktop/humanoid-urdf/install/humanoid_v1/share/humanoid_v1/meshes/lowerlegz_collision.stl
[0.132s] -- Installing: /home/tk/Desktop/humanoid-urdf/install/humanoid_v1/share/humanoid_v1/meshes/upperlegx_collision.stl
[0.145s] -- Installing: /home/tk/Desktop/humanoid-urdf/install/humanoid_v1/share/humanoid_v1/meshes/5010mounty.stl
[0.146s] -- Installing: /home/tk/Desktop/humanoid-urdf/install/humanoid_v1/share/humanoid_v1/meshes/feety_visual.stl
[0.149s] -- Installing: /home/tk/Desktop/humanoid-urdf/install/humanoid_v1/share/humanoid_v1/meshes/component1.stl
[0.149s] -- Installing: /home/tk/Desktop/humanoid-urdf/install/humanoid_v1/share/humanoid_v1/meshes/knee_mount_z_v3.stl
[0.150s] -- Installing: /home/tk/Desktop/humanoid-urdf/install/humanoid_v1/share/humanoid_v1/meshes/feetx_collision.stl
[0.150s] -- Installing: /home/tk/Desktop/humanoid-urdf/install/humanoid_v1/share/humanoid_v1/meshes/extrusion_100mm.stl
[0.150s] -- Installing: /home/tk/Desktop/humanoid-urdf/install/humanoid_v1/share/humanoid_v1/meshes/upperlegz_collision.stl
[0.164s] -- Installing: /home/tk/Desktop/humanoid-urdf/install/humanoid_v1/share/humanoid_v1/meshes/upperlegy_2_visual.stl
[0.179s] -- Installing: /home/tk/Desktop/humanoid-urdf/install/humanoid_v1/share/humanoid_v1/meshes/feetx_copy_1_collision.stl
[0.180s] -- Installing: /home/tk/Desktop/humanoid-urdf/install/humanoid_v1/share/humanoid_v1/meshes/upperlegx_2_collision.stl
[0.193s] -- Installing: /home/tk/Desktop/humanoid-urdf/install/humanoid_v1/share/humanoid_v1/meshes/hipmountz.stl
[0.193s] -- Installing: /home/tk/Desktop/humanoid-urdf/install/humanoid_v1/share/humanoid_v1/meshes/part_1.stl
[0.194s] -- Installing: /home/tk/Desktop/humanoid-urdf/install/humanoid_v1/share/humanoid_v1/meshes/5010motorcore.stl
[0.194s] -- Installing: /home/tk/Desktop/humanoid-urdf/install/humanoid_v1/share/humanoid_v1/meshes/lowerlegx_collision.stl
[0.195s] -- Installing: /home/tk/Desktop/humanoid-urdf/install/humanoid_v1/share/humanoid_v1/meshes/base_collision.stl
[0.222s] -- Installing: /home/tk/Desktop/humanoid-urdf/install/humanoid_v1/share/humanoid_v1/meshes/feety_2_visual.stl
[0.225s] -- Installing: /home/tk/Desktop/humanoid-urdf/install/humanoid_v1/share/humanoid_v1/meshes/upperlegx_2_visual.stl
[0.240s] -- Installing: /home/tk/Desktop/humanoid-urdf/install/humanoid_v1/share/humanoid_v1/meshes/lowerlegx_2_collision.stl
[0.242s] -- Installing: /home/tk/Desktop/humanoid-urdf/install/humanoid_v1/share/humanoid_v1/meshes/upperlegy_visual.stl
[0.257s] -- Installing: /home/tk/Desktop/humanoid-urdf/install/humanoid_v1/share/humanoid_v1/meshes/upperlegz_copy_1_visual.stl
[0.272s] -- Installing: /home/tk/Desktop/humanoid-urdf/install/humanoid_v1/share/humanoid_v1/meshes/part_3.stl
[0.272s] -- Installing: /home/tk/Desktop/humanoid-urdf/install/humanoid_v1/share/humanoid_v1/meshes/z.stl
[0.272s] -- Installing: /home/tk/Desktop/humanoid-urdf/install/humanoid_v1/share/humanoid_v1/meshes/cycloidal_disk.stl
[0.273s] -- Installing: /home/tk/Desktop/humanoid-urdf/install/humanoid_v1/share/humanoid_v1/meshes/output_shaft.stl
[0.274s] -- Installing: /home/tk/Desktop/humanoid-urdf/install/humanoid_v1/share/humanoid_v1/meshes/part_2.stl
[0.274s] -- Installing: /home/tk/Desktop/humanoid-urdf/install/humanoid_v1/share/humanoid_v1/meshes/extrusion_150mm.stl
[0.274s] -- Installing: /home/tk/Desktop/humanoid-urdf/install/humanoid_v1/share/humanoid_v1/meshes/hipmountx.stl
[0.274s] -- Installing: /home/tk/Desktop/humanoid-urdf/install/humanoid_v1/share/humanoid_v1/meshes/arm.stl
[0.274s] -- Installing: /home/tk/Desktop/humanoid-urdf/install/humanoid_v1/share/humanoid_v1/meshes/5010motorrotor.stl
[0.274s] -- Installing: /home/tk/Desktop/humanoid-urdf/install/humanoid_v1/share/humanoid_v1/meshes/lowerlegz_2_visual.stl
[0.279s] -- Installing: /home/tk/Desktop/humanoid-urdf/install/humanoid_v1/share/humanoid_v1/meshes/part_4.stl
[0.279s] -- Installing: /home/tk/Desktop/humanoid-urdf/install/humanoid_v1/share/humanoid_v1/meshes/hipmountx2.stl
[0.279s] -- Installing: /home/tk/Desktop/humanoid-urdf/install/humanoid_v1/share/humanoid_v1/meshes/kneemountx.stl
[0.280s] -- Installing: /home/tk/Desktop/humanoid-urdf/install/humanoid_v1/share/humanoid_v1/meshes/upperlegz_visual.stl
[0.301s] -- Installing: /home/tk/Desktop/humanoid-urdf/install/humanoid_v1/share/humanoid_v1/meshes/upperlegx_visual.stl
[0.319s] -- Installing: /home/tk/Desktop/humanoid-urdf/install/humanoid_v1/share/humanoid_v1/meshes/y.stl
[0.320s] -- Installing: /home/tk/Desktop/humanoid-urdf/install/humanoid_v1/share/humanoid_v1/meshes/upperlegy_2_collision.stl
[0.337s] -- Installing: /home/tk/Desktop/humanoid-urdf/install/humanoid_v1/share/humanoid_v1/meshes/upperlegmountz.stl
[0.338s] -- Installing: /home/tk/Desktop/humanoid-urdf/install/humanoid_v1/share/humanoid_v1/meshes/simpleshoe.stl
[0.338s] -- Installing: /home/tk/Desktop/humanoid-urdf/install/humanoid_v1/share/humanoid_v1/meshes/extrusion_400mm.stl
[0.338s] -- Installing: /home/tk/Desktop/humanoid-urdf/install/humanoid_v1/share/humanoid_v1/meshes/housing.stl
[0.339s] -- Installing: /home/tk/Desktop/humanoid-urdf/install/humanoid_v1/share/humanoid_v1/meshes/6656k234_ultra-thin_ball_bearing.stl
[0.339s] -- Installing: /home/tk/Desktop/humanoid-urdf/install/humanoid_v1/share/humanoid_v1/meshes/lowerlegz_visual.stl
[0.345s] -- Installing: /home/tk/Desktop/humanoid-urdf/install/humanoid_v1/share/humanoid_v1/meshes/base_visual.stl
[0.383s] -- Installing: /home/tk/Desktop/humanoid-urdf/install/humanoid_v1/share/humanoid_v1/meshes/lowerlegz_2_collision.stl
[0.386s] -- Installing: /home/tk/Desktop/humanoid-urdf/install/humanoid_v1/share/humanoid_v1/meshes/lowerlegx_visual.stl
[0.391s] -- Installing: /home/tk/Desktop/humanoid-urdf/install/humanoid_v1/share/humanoid_v1/meshes/motor_shell.stl
[0.391s] -- Installing: /home/tk/Desktop/humanoid-urdf/install/humanoid_v1/share/humanoid_v1/meshes/5010motorcoil.stl
[0.391s] -- Installing: /home/tk/Desktop/humanoid-urdf/install/humanoid_v1/share/humanoid_v1/meshes/kneemountxinv.stl
[0.392s] -- Installing: /home/tk/Desktop/humanoid-urdf/install/humanoid_v1/share/humanoid_v1/meshes/feety_collision.stl
[0.394s] -- Installing: /home/tk/Desktop/humanoid-urdf/install/humanoid_v1/share/humanoid_v1/models
[0.394s] -- Installing: /home/tk/Desktop/humanoid-urdf/install/humanoid_v1/share/humanoid_v1/params
[0.394s] -- Installing: /home/tk/Desktop/humanoid-urdf/install/humanoid_v1/share/humanoid_v1/rviz
[0.395s] -- Installing: /home/tk/Desktop/humanoid-urdf/install/humanoid_v1/share/humanoid_v1/rviz/rviz_basic_settings.rviz
[0.395s] -- Installing: /home/tk/Desktop/humanoid-urdf/install/humanoid_v1/share/humanoid_v1/src
[0.395s] -- Installing: /home/tk/Desktop/humanoid-urdf/install/humanoid_v1/share/humanoid_v1/urdf
[0.395s] -- Installing: /home/tk/Desktop/humanoid-urdf/install/humanoid_v1/share/humanoid_v1/urdf/robot.urdf.xacro
[0.395s] -- Installing: /home/tk/Desktop/humanoid-urdf/install/humanoid_v1/share/humanoid_v1/worlds
[0.395s] -- Installing: /home/tk/Desktop/humanoid-urdf/install/humanoid_v1/share/ament_index/resource_index/package_run_dependencies/humanoid_v1
[0.395s] -- Installing: /home/tk/Desktop/humanoid-urdf/install/humanoid_v1/share/ament_index/resource_index/parent_prefix_path/humanoid_v1
[0.395s] -- Installing: /home/tk/Desktop/humanoid-urdf/install/humanoid_v1/share/humanoid_v1/environment/ament_prefix_path.sh
[0.395s] -- Installing: /home/tk/Desktop/humanoid-urdf/install/humanoid_v1/share/humanoid_v1/environment/ament_prefix_path.dsv
[0.396s] -- Installing: /home/tk/Desktop/humanoid-urdf/install/humanoid_v1/share/humanoid_v1/environment/path.sh
[0.396s] -- Installing: /home/tk/Desktop/humanoid-urdf/install/humanoid_v1/share/humanoid_v1/environment/path.dsv
[0.396s] -- Installing: /home/tk/Desktop/humanoid-urdf/install/humanoid_v1/share/humanoid_v1/local_setup.bash
[0.396s] -- Installing: /home/tk/Desktop/humanoid-urdf/install/humanoid_v1/share/humanoid_v1/local_setup.sh
[0.396s] -- Installing: /home/tk/Desktop/humanoid-urdf/install/humanoid_v1/share/humanoid_v1/local_setup.zsh
[0.396s] -- Installing: /home/tk/Desktop/humanoid-urdf/install/humanoid_v1/share/humanoid_v1/local_setup.dsv
[0.397s] -- Installing: /home/tk/Desktop/humanoid-urdf/install/humanoid_v1/share/humanoid_v1/package.dsv
[0.397s] -- Installing: /home/tk/Desktop/humanoid-urdf/install/humanoid_v1/share/ament_index/resource_index/packages/humanoid_v1
[0.397s] -- Installing: /home/tk/Desktop/humanoid-urdf/install/humanoid_v1/share/humanoid_v1/cmake/humanoid_v1Config.cmake
[0.397s] -- Installing: /home/tk/Desktop/humanoid-urdf/install/humanoid_v1/share/humanoid_v1/cmake/humanoid_v1Config-version.cmake
[0.397s] -- Installing: /home/tk/Desktop/humanoid-urdf/install/humanoid_v1/share/humanoid_v1/package.xml
[0.407s] Invoked command in '/home/tk/Desktop/humanoid-urdf/build/humanoid_v1' returned '0': CMAKE_PREFIX_PATH=${CMAKE_PREFIX_PATH}:/opt/ros/humble CONDA_PROMPT_MODIFIER=(base) /usr/bin/cmake --install /home/tk/Desktop/humanoid-urdf/build/humanoid_v1
