[0.009s] Invoking command in '/home/tk/Desktop/humanoid-urdf/build/humanoid_v1': CMAKE_PREFIX_PATH=${CMAKE_PREFIX_PATH}:/opt/ros/humble CONDA_PROMPT_MODIFIER=(base) /usr/bin/cmake --build /home/tk/Desktop/humanoid-urdf/build/humanoid_v1 -- -j16 -l16
[0.015s] gmake[1]: Entering directory '/home/tk/Desktop/humanoid-urdf/build/humanoid_v1'
[0.033s] gmake[1]: Leaving directory '/home/tk/Desktop/humanoid-urdf/build/humanoid_v1'
[0.034s] Invoked command in '/home/tk/Desktop/humanoid-urdf/build/humanoid_v1' returned '0': CMAKE_PREFIX_PATH=${CMAKE_PREFIX_PATH}:/opt/ros/humble CONDA_PROMPT_MODIFIER=(base) /usr/bin/cmake --build /home/tk/Desktop/humanoid-urdf/build/humanoid_v1 -- -j16 -l16
[0.053s] Invoking command in '/home/tk/Desktop/humanoid-urdf/build/humanoid_v1': CMAKE_PREFIX_PATH=${CMAKE_PREFIX_PATH}:/opt/ros/humble CONDA_PROMPT_MODIFIER=(base) /usr/bin/cmake --install /home/tk/Desktop/humanoid-urdf/build/humanoid_v1
[0.057s] -- Install configuration: ""
[0.057s] -- Up-to-date: /home/tk/Desktop/humanoid-urdf/install/humanoid_v1/share/humanoid_v1/config
[0.057s] -- Up-to-date: /home/tk/Desktop/humanoid-urdf/install/humanoid_v1/share/humanoid_v1/launch
[0.057s] -- Up-to-date: /home/tk/Desktop/humanoid-urdf/install/humanoid_v1/share/humanoid_v1/launch/humanoid_v1.launch.py
[0.057s] -- Up-to-date: /home/tk/Desktop/humanoid-urdf/install/humanoid_v1/share/humanoid_v1/maps
[0.057s] -- Up-to-date: /home/tk/Desktop/humanoid-urdf/install/humanoid_v1/share/humanoid_v1/meshes
[0.057s] -- Installing: /home/tk/Desktop/humanoid-urdf/install/humanoid_v1/share/humanoid_v1/meshes/motor_hub.stl
[0.057s] -- Installing: /home/tk/Desktop/humanoid-urdf/install/humanoid_v1/share/humanoid_v1/meshes/x.stl
[0.057s] -- Installing: /home/tk/Desktop/humanoid-urdf/install/humanoid_v1/share/humanoid_v1/meshes/upperlegz_copy_1_collision.stl
[0.071s] -- Installing: /home/tk/Desktop/humanoid-urdf/install/humanoid_v1/share/humanoid_v1/meshes/input_shaft.stl
[0.071s] -- Installing: /home/tk/Desktop/humanoid-urdf/install/humanoid_v1/share/humanoid_v1/meshes/upperlegy_collision.stl
[0.083s] -- Installing: /home/tk/Desktop/humanoid-urdf/install/humanoid_v1/share/humanoid_v1/meshes/part_1__length_0.2+meter.stl
[0.083s] -- Installing: /home/tk/Desktop/humanoid-urdf/install/humanoid_v1/share/humanoid_v1/meshes/upperlegx_collision.stl
[0.095s] -- Installing: /home/tk/Desktop/humanoid-urdf/install/humanoid_v1/share/humanoid_v1/meshes/component1.stl
[0.095s] -- Installing: /home/tk/Desktop/humanoid-urdf/install/humanoid_v1/share/humanoid_v1/meshes/extrusion_100mm.stl
[0.096s] -- Installing: /home/tk/Desktop/humanoid-urdf/install/humanoid_v1/share/humanoid_v1/meshes/upperlegz_collision.stl
[0.111s] -- Installing: /home/tk/Desktop/humanoid-urdf/install/humanoid_v1/share/humanoid_v1/meshes/upperlegy_2_visual.stl
[0.129s] -- Installing: /home/tk/Desktop/humanoid-urdf/install/humanoid_v1/share/humanoid_v1/meshes/upperlegx_2_collision.stl
[0.141s] -- Installing: /home/tk/Desktop/humanoid-urdf/install/humanoid_v1/share/humanoid_v1/meshes/part_1.stl
[0.141s] -- Installing: /home/tk/Desktop/humanoid-urdf/install/humanoid_v1/share/humanoid_v1/meshes/base_collision.stl
[0.167s] -- Installing: /home/tk/Desktop/humanoid-urdf/install/humanoid_v1/share/humanoid_v1/meshes/upperlegx_2_visual.stl
[0.180s] -- Installing: /home/tk/Desktop/humanoid-urdf/install/humanoid_v1/share/humanoid_v1/meshes/upperlegy_visual.stl
[0.191s] -- Installing: /home/tk/Desktop/humanoid-urdf/install/humanoid_v1/share/humanoid_v1/meshes/upperlegz_copy_1_visual.stl
[0.204s] -- Installing: /home/tk/Desktop/humanoid-urdf/install/humanoid_v1/share/humanoid_v1/meshes/part_3.stl
[0.204s] -- Installing: /home/tk/Desktop/humanoid-urdf/install/humanoid_v1/share/humanoid_v1/meshes/z.stl
[0.205s] -- Installing: /home/tk/Desktop/humanoid-urdf/install/humanoid_v1/share/humanoid_v1/meshes/cycloidal_disk.stl
[0.205s] -- Installing: /home/tk/Desktop/humanoid-urdf/install/humanoid_v1/share/humanoid_v1/meshes/output_shaft.stl
[0.205s] -- Installing: /home/tk/Desktop/humanoid-urdf/install/humanoid_v1/share/humanoid_v1/meshes/part_2.stl
[0.205s] -- Installing: /home/tk/Desktop/humanoid-urdf/install/humanoid_v1/share/humanoid_v1/meshes/extrusion_150mm.stl
[0.206s] -- Installing: /home/tk/Desktop/humanoid-urdf/install/humanoid_v1/share/humanoid_v1/meshes/part_4.stl
[0.206s] -- Installing: /home/tk/Desktop/humanoid-urdf/install/humanoid_v1/share/humanoid_v1/meshes/upperlegz_visual.stl
[0.224s] -- Installing: /home/tk/Desktop/humanoid-urdf/install/humanoid_v1/share/humanoid_v1/meshes/upperlegx_visual.stl
[0.236s] -- Installing: /home/tk/Desktop/humanoid-urdf/install/humanoid_v1/share/humanoid_v1/meshes/y.stl
[0.237s] -- Installing: /home/tk/Desktop/humanoid-urdf/install/humanoid_v1/share/humanoid_v1/meshes/upperlegy_2_collision.stl
[0.248s] -- Installing: /home/tk/Desktop/humanoid-urdf/install/humanoid_v1/share/humanoid_v1/meshes/extrusion_400mm.stl
[0.248s] -- Installing: /home/tk/Desktop/humanoid-urdf/install/humanoid_v1/share/humanoid_v1/meshes/housing.stl
[0.249s] -- Installing: /home/tk/Desktop/humanoid-urdf/install/humanoid_v1/share/humanoid_v1/meshes/6656k234_ultra-thin_ball_bearing.stl
[0.249s] -- Installing: /home/tk/Desktop/humanoid-urdf/install/humanoid_v1/share/humanoid_v1/meshes/base_visual.stl
[0.275s] -- Installing: /home/tk/Desktop/humanoid-urdf/install/humanoid_v1/share/humanoid_v1/meshes/motor_shell.stl
[0.276s] -- Up-to-date: /home/tk/Desktop/humanoid-urdf/install/humanoid_v1/share/humanoid_v1/models
[0.276s] -- Up-to-date: /home/tk/Desktop/humanoid-urdf/install/humanoid_v1/share/humanoid_v1/params
[0.276s] -- Up-to-date: /home/tk/Desktop/humanoid-urdf/install/humanoid_v1/share/humanoid_v1/rviz
[0.276s] -- Up-to-date: /home/tk/Desktop/humanoid-urdf/install/humanoid_v1/share/humanoid_v1/rviz/rviz_basic_settings.rviz
[0.276s] -- Up-to-date: /home/tk/Desktop/humanoid-urdf/install/humanoid_v1/share/humanoid_v1/src
[0.276s] -- Up-to-date: /home/tk/Desktop/humanoid-urdf/install/humanoid_v1/share/humanoid_v1/urdf
[0.276s] -- Installing: /home/tk/Desktop/humanoid-urdf/install/humanoid_v1/share/humanoid_v1/urdf/robot.urdf.xacro
[0.276s] -- Up-to-date: /home/tk/Desktop/humanoid-urdf/install/humanoid_v1/share/humanoid_v1/worlds
[0.276s] -- Up-to-date: /home/tk/Desktop/humanoid-urdf/install/humanoid_v1/share/ament_index/resource_index/package_run_dependencies/humanoid_v1
[0.276s] -- Up-to-date: /home/tk/Desktop/humanoid-urdf/install/humanoid_v1/share/ament_index/resource_index/parent_prefix_path/humanoid_v1
[0.277s] -- Up-to-date: /home/tk/Desktop/humanoid-urdf/install/humanoid_v1/share/humanoid_v1/environment/ament_prefix_path.sh
[0.277s] -- Up-to-date: /home/tk/Desktop/humanoid-urdf/install/humanoid_v1/share/humanoid_v1/environment/ament_prefix_path.dsv
[0.277s] -- Up-to-date: /home/tk/Desktop/humanoid-urdf/install/humanoid_v1/share/humanoid_v1/environment/path.sh
[0.277s] -- Up-to-date: /home/tk/Desktop/humanoid-urdf/install/humanoid_v1/share/humanoid_v1/environment/path.dsv
[0.277s] -- Up-to-date: /home/tk/Desktop/humanoid-urdf/install/humanoid_v1/share/humanoid_v1/local_setup.bash
[0.277s] -- Up-to-date: /home/tk/Desktop/humanoid-urdf/install/humanoid_v1/share/humanoid_v1/local_setup.sh
[0.277s] -- Up-to-date: /home/tk/Desktop/humanoid-urdf/install/humanoid_v1/share/humanoid_v1/local_setup.zsh
[0.277s] -- Up-to-date: /home/tk/Desktop/humanoid-urdf/install/humanoid_v1/share/humanoid_v1/local_setup.dsv
[0.277s] -- Installing: /home/tk/Desktop/humanoid-urdf/install/humanoid_v1/share/humanoid_v1/package.dsv
[0.277s] -- Up-to-date: /home/tk/Desktop/humanoid-urdf/install/humanoid_v1/share/ament_index/resource_index/packages/humanoid_v1
[0.277s] -- Up-to-date: /home/tk/Desktop/humanoid-urdf/install/humanoid_v1/share/humanoid_v1/cmake/humanoid_v1Config.cmake
[0.277s] -- Up-to-date: /home/tk/Desktop/humanoid-urdf/install/humanoid_v1/share/humanoid_v1/cmake/humanoid_v1Config-version.cmake
[0.278s] -- Up-to-date: /home/tk/Desktop/humanoid-urdf/install/humanoid_v1/share/humanoid_v1/package.xml
[0.279s] Invoked command in '/home/tk/Desktop/humanoid-urdf/build/humanoid_v1' returned '0': CMAKE_PREFIX_PATH=${CMAKE_PREFIX_PATH}:/opt/ros/humble CONDA_PROMPT_MODIFIER=(base) /usr/bin/cmake --install /home/tk/Desktop/humanoid-urdf/build/humanoid_v1
