[0.005s] Invoking command in '/home/tk/Desktop/humanoid-urdf/build/humanoid_v1': CMAKE_PREFIX_PATH=${CMAKE_PREFIX_PATH}:/opt/ros/humble CONDA_PROMPT_MODIFIER=(base) /usr/bin/cmake /home/tk/Desktop/humanoid-urdf/src/humanoid_v1 -DCMAKE_INSTALL_PREFIX=/home/tk/Desktop/humanoid-urdf/install/humanoid_v1
[0.045s] -- The C compiler identification is GNU 11.3.0
[0.093s] -- The CXX compiler identification is GNU 11.3.0
[0.101s] -- Detecting C compiler ABI info
[0.153s] -- Detecting C compiler ABI info - done
[0.159s] -- Check for working C compiler: /usr/bin/cc - skipped
[0.159s] -- Detecting C compile features
[0.159s] -- Detecting C compile features - done
[0.161s] -- Detecting CXX compiler ABI info
[0.218s] -- Detecting CXX compiler ABI info - done
[0.220s] -- Check for working CXX compiler: /usr/bin/c++ - skipped
[0.220s] -- Detecting CXX compile features
[0.221s] -- Detecting CXX compile features - done
[0.223s] -- Found ament_cmake: 1.3.3 (/opt/ros/humble/share/ament_cmake/cmake)
[0.365s] -- Found Python3: /usr/bin/python3.10 (found version "3.10.6") found components: Interpreter 
[0.430s] -- Found ament_lint_auto: 0.12.4 (/opt/ros/humble/share/ament_lint_auto/cmake)
[0.484s] -- Added test 'flake8' to check Python code syntax and style conventions
[0.485s] -- Added test 'lint_cmake' to check CMake code style
[0.486s] -- Added test 'pep257' to check Python code against some of the docstring style conventions in PEP 257
[0.488s] -- Added test 'xmllint' to check XML markup files
[0.489s] -- Configuring done
[0.491s] -- Generating done
[0.492s] -- Build files have been written to: /home/tk/Desktop/humanoid-urdf/build/humanoid_v1
[0.497s] Invoked command in '/home/tk/Desktop/humanoid-urdf/build/humanoid_v1' returned '0': CMAKE_PREFIX_PATH=${CMAKE_PREFIX_PATH}:/opt/ros/humble CONDA_PROMPT_MODIFIER=(base) /usr/bin/cmake /home/tk/Desktop/humanoid-urdf/src/humanoid_v1 -DCMAKE_INSTALL_PREFIX=/home/tk/Desktop/humanoid-urdf/install/humanoid_v1
[0.497s] Invoking command in '/home/tk/Desktop/humanoid-urdf/build/humanoid_v1': CMAKE_PREFIX_PATH=${CMAKE_PREFIX_PATH}:/opt/ros/humble CONDA_PROMPT_MODIFIER=(base) /usr/bin/cmake --build /home/tk/Desktop/humanoid-urdf/build/humanoid_v1 -- -j16 -l16
[0.525s] Invoked command in '/home/tk/Desktop/humanoid-urdf/build/humanoid_v1' returned '0': CMAKE_PREFIX_PATH=${CMAKE_PREFIX_PATH}:/opt/ros/humble CONDA_PROMPT_MODIFIER=(base) /usr/bin/cmake --build /home/tk/Desktop/humanoid-urdf/build/humanoid_v1 -- -j16 -l16
[0.542s] Invoking command in '/home/tk/Desktop/humanoid-urdf/build/humanoid_v1': CMAKE_PREFIX_PATH=${CMAKE_PREFIX_PATH}:/opt/ros/humble CONDA_PROMPT_MODIFIER=(base) /usr/bin/cmake --install /home/tk/Desktop/humanoid-urdf/build/humanoid_v1
[0.546s] -- Install configuration: ""
[0.546s] -- Installing: /home/tk/Desktop/humanoid-urdf/install/humanoid_v1/share/humanoid_v1/config
[0.546s] -- Installing: /home/tk/Desktop/humanoid-urdf/install/humanoid_v1/share/humanoid_v1/launch
[0.547s] -- Installing: /home/tk/Desktop/humanoid-urdf/install/humanoid_v1/share/humanoid_v1/launch/humanoid_v1.launch.py
[0.547s] -- Installing: /home/tk/Desktop/humanoid-urdf/install/humanoid_v1/share/humanoid_v1/maps
[0.547s] -- Installing: /home/tk/Desktop/humanoid-urdf/install/humanoid_v1/share/humanoid_v1/meshes
[0.547s] -- Installing: /home/tk/Desktop/humanoid-urdf/install/humanoid_v1/share/humanoid_v1/models
[0.547s] -- Installing: /home/tk/Desktop/humanoid-urdf/install/humanoid_v1/share/humanoid_v1/params
[0.547s] -- Installing: /home/tk/Desktop/humanoid-urdf/install/humanoid_v1/share/humanoid_v1/rviz
[0.547s] -- Installing: /home/tk/Desktop/humanoid-urdf/install/humanoid_v1/share/humanoid_v1/rviz/rviz_basic_settings.rviz
[0.547s] -- Installing: /home/tk/Desktop/humanoid-urdf/install/humanoid_v1/share/humanoid_v1/src
[0.547s] -- Installing: /home/tk/Desktop/humanoid-urdf/install/humanoid_v1/share/humanoid_v1/urdf
[0.547s] -- Installing: /home/tk/Desktop/humanoid-urdf/install/humanoid_v1/share/humanoid_v1/urdf/robot.urdf.xacro
[0.547s] -- Installing: /home/tk/Desktop/humanoid-urdf/install/humanoid_v1/share/humanoid_v1/worlds
[0.547s] -- Installing: /home/tk/Desktop/humanoid-urdf/install/humanoid_v1/share/ament_index/resource_index/package_run_dependencies/humanoid_v1
[0.547s] -- Installing: /home/tk/Desktop/humanoid-urdf/install/humanoid_v1/share/ament_index/resource_index/parent_prefix_path/humanoid_v1
[0.547s] -- Installing: /home/tk/Desktop/humanoid-urdf/install/humanoid_v1/share/humanoid_v1/environment/ament_prefix_path.sh
[0.547s] -- Installing: /home/tk/Desktop/humanoid-urdf/install/humanoid_v1/share/humanoid_v1/environment/ament_prefix_path.dsv
[0.547s] -- Installing: /home/tk/Desktop/humanoid-urdf/install/humanoid_v1/share/humanoid_v1/environment/path.sh
[0.548s] -- Installing: /home/tk/Desktop/humanoid-urdf/install/humanoid_v1/share/humanoid_v1/environment/path.dsv
[0.548s] -- Installing: /home/tk/Desktop/humanoid-urdf/install/humanoid_v1/share/humanoid_v1/local_setup.bash
[0.548s] -- Installing: /home/tk/Desktop/humanoid-urdf/install/humanoid_v1/share/humanoid_v1/local_setup.sh
[0.548s] -- Installing: /home/tk/Desktop/humanoid-urdf/install/humanoid_v1/share/humanoid_v1/local_setup.zsh
[0.548s] -- Installing: /home/tk/Desktop/humanoid-urdf/install/humanoid_v1/share/humanoid_v1/local_setup.dsv
[0.548s] -- Installing: /home/tk/Desktop/humanoid-urdf/install/humanoid_v1/share/humanoid_v1/package.dsv
[0.548s] -- Installing: /home/tk/Desktop/humanoid-urdf/install/humanoid_v1/share/ament_index/resource_index/packages/humanoid_v1
[0.548s] -- Installing: /home/tk/Desktop/humanoid-urdf/install/humanoid_v1/share/humanoid_v1/cmake/humanoid_v1Config.cmake
[0.548s] -- Installing: /home/tk/Desktop/humanoid-urdf/install/humanoid_v1/share/humanoid_v1/cmake/humanoid_v1Config-version.cmake
[0.548s] -- Installing: /home/tk/Desktop/humanoid-urdf/install/humanoid_v1/share/humanoid_v1/package.xml
[0.550s] Invoked command in '/home/tk/Desktop/humanoid-urdf/build/humanoid_v1' returned '0': CMAKE_PREFIX_PATH=${CMAKE_PREFIX_PATH}:/opt/ros/humble CONDA_PROMPT_MODIFIER=(base) /usr/bin/cmake --install /home/tk/Desktop/humanoid-urdf/build/humanoid_v1
